[2025-07-16T00:42:03.112Z] [QMOI] Starting enhanced clone, deploy, sync, and optimization.
[2025-07-16T00:42:03.192Z] [QMOI] Skipping gitlab: repo URL not set.
[2025-07-16T00:42:03.193Z] [QMOI] Skipping github: repo URL not set.
[2025-07-16T00:42:03.194Z] [QMOI] Skipping dagshub: repo URL not set.
[2025-07-16T00:42:03.195Z] [QMOI] Deploying to vercel...
[2025-07-16T00:45:10.322Z] [QMOI] Deploy to vercel failed: Command failed: npx vercel --prod --yes
[2025-07-16T00:45:10.323Z] [QMOI] Attempting auto-fix for vercel...
[2025-07-16T00:45:12.005Z] [QMOI] Auto-fix failed for vercel: Command failed: npm run fix:all
[2025-07-16T00:45:12.005Z] [QMOI] Deploying to colab...
[2025-07-16T00:45:14.144Z] [QMOI] Deploy to colab failed: Command failed: python scripts/colab_deploy.py
[2025-07-16T00:45:14.192Z] [QMOI] Attempting auto-fix for colab...
[2025-07-16T00:45:14.691Z] [QMOI] Auto-fix failed for colab: Command failed: npm run fix:all
[2025-07-16T00:45:14.692Z] [QMOI] Deploying to dagshub...
[2025-07-16T00:45:14.903Z] [QMOI] Deploy to dagshub failed: Command failed: python scripts/dagshub_deploy.py
[2025-07-16T00:45:14.903Z] [QMOI] Attempting auto-fix for dagshub...
[2025-07-16T00:45:15.378Z] [QMOI] Auto-fix failed for dagshub: Command failed: npm run fix:all
[2025-07-16T00:45:15.379Z] [QMOI] Deploying to gitpod...
[2025-07-16T00:45:15.749Z] [QMOI] Deploy to gitpod failed: Command failed: gp sync
[2025-07-16T00:45:15.750Z] [QMOI] Attempting auto-fix for gitpod...
[2025-07-16T00:45:16.185Z] [QMOI] Auto-fix failed for gitpod: Command failed: npm run fix:all
[2025-07-16T00:45:16.186Z] [QMOI] Optimizing cloud spend: preferring free/ephemeral resources, cleaning up unused assets.
[2025-07-16T00:45:16.187Z] [QMOI] Setting up directory sync: D:\applications\Alpha-Q-ai <-> clones\gitlab
[2025-07-16T00:45:16.189Z] [QMOI] Backing up and evolving state...
[2025-07-16T00:47:50.630Z] [QMOI] Starting enhanced clone, deploy, sync, and optimization.
[2025-07-16T00:47:50.636Z] [QMOI] Skipping gitlab: repo URL not set.
[2025-07-16T00:47:50.637Z] [QMOI] Skipping github: repo URL not set.
[2025-07-16T00:47:50.639Z] [QMOI] Skipping dagshub: repo URL not set.
[2025-07-16T00:47:50.641Z] [QMOI] Deploying to vercel...
[2025-07-16T00:50:05.898Z] [QMOI] Deploy to vercel failed: Command failed: npx vercel --prod --yes
[2025-07-16T00:50:05.901Z] [QMOI] Attempting auto-fix for vercel...
[2025-07-16T00:50:08.648Z] [QMOI] Auto-fix failed for vercel: Command failed: npm run fix:all
[2025-07-16T00:50:08.649Z] [QMOI] Deploying to colab...
[2025-07-16T00:50:15.470Z] [QMOI] Deploy to colab failed: Command failed: python scripts/colab_deploy.py
[2025-07-16T00:50:15.471Z] [QMOI] Attempting auto-fix for colab...
[2025-07-16T00:50:16.944Z] [QMOI] Auto-fix failed for colab: Command failed: npm run fix:all
[2025-07-16T00:50:17.048Z] [QMOI] Deploying to dagshub...
[2025-07-16T00:50:17.402Z] [QMOI] Deploy to dagshub failed: Command failed: python scripts/dagshub_deploy.py
[2025-07-16T00:50:17.403Z] [QMOI] Attempting auto-fix for dagshub...
[2025-07-16T00:50:17.918Z] [QMOI] Auto-fix failed for dagshub: Command failed: npm run fix:all
[2025-07-16T00:50:17.919Z] [QMOI] Deploying to gitpod...
[2025-07-16T00:50:18.594Z] [QMOI] Gitpod CLI (gp) not found, skipping gitpod deployment.
[2025-07-16T00:50:18.595Z] [QMOI] Optimizing cloud spend: preferring free/ephemeral resources, cleaning up unused assets.
[2025-07-16T00:50:18.596Z] [QMOI] Setting up directory sync: D:\applications\Alpha-Q-ai <-> clones\gitlab
[2025-07-16T00:50:18.599Z] [QMOI] Backing up and evolving state...
[2025-07-16T00:50:18.755Z] [QMOI] Backup complete: D:\applications\Alpha-Q-ai\qmoi-backups\1752627018600
[2025-07-16T00:50:18.756Z] [QMOI] All actions complete. See log for details.
[2025-07-16T00:50:49.876Z] [QMOI] Detected change on D:\applications\Alpha-Q-ai\.git\FETCH_HEAD. Auto-committing and pushing to repo...
[2025-07-16T00:50:49.879Z] [QMOI] Auto-sync failed: spawnSync C:\WINDOWS\system32\cmd.exe ENOENT
[2025-07-16T00:50:59.506Z] [QMOI] Detected change on D:\applications\Alpha-Q-ai\qmoi-clone-optimize.log. Auto-committing and pushing to repo...
[2025-07-16T00:50:59.508Z] [QMOI] Auto-sync failed: spawnSync C:\WINDOWS\system32\cmd.exe ENOENT
[2025-07-16T00:51:06.661Z] [QMOI] Detected change on D:\applications\Alpha-Q-ai\qmoi-clone-optimize.log. Auto-committing and pushing to repo...
[2025-07-16T00:51:06.663Z] [QMOI] Auto-sync failed: spawnSync C:\WINDOWS\system32\cmd.exe ENOENT
[2025-07-16T00:51:09.312Z] [QMOI] Detected change on D:\applications\Alpha-Q-ai\qmoi-clone-optimize.log. Auto-committing and pushing to repo...
[2025-07-16T00:51:09.314Z] [QMOI] Auto-sync failed: spawnSync C:\WINDOWS\system32\cmd.exe ENOENT
[2025-07-16T00:51:13.352Z] [QMOI] Detected change on D:\applications\Alpha-Q-ai\qmoi-clone-optimize.log. Auto-committing and pushing to repo...
[2025-07-16T00:51:13.355Z] [QMOI] Auto-sync failed: spawnSync C:\WINDOWS\system32\cmd.exe ENOENT
[2025-07-16T00:51:16.644Z] [QMOI] Detected change on D:\applications\Alpha-Q-ai\qmoi-clone-optimize.log. Auto-committing and pushing to repo...
[2025-07-16T00:51:16.647Z] [QMOI] Auto-sync failed: spawnSync C:\WINDOWS\system32\cmd.exe ENOENT
[2025-07-16T00:51:17.128Z] [QMOI] Detected change on D:\applications\Alpha-Q-ai\qmoi-clone-optimize.log. Auto-committing and pushing to repo...
[2025-07-16T00:51:17.131Z] [QMOI] Auto-sync failed: spawnSync C:\WINDOWS\system32\cmd.exe ENOENT
[2025-07-16T00:51:21.592Z] [QMOI] Detected change on D:\applications\Alpha-Q-ai\qmoi-clone-optimize.log. Auto-committing and pushing to repo...
[2025-07-16T00:51:21.595Z] [QMOI] Auto-sync failed: spawnSync C:\WINDOWS\system32\cmd.exe ENOENT
[2025-07-16T00:51:25.851Z] [QMOI] Detected change on D:\applications\Alpha-Q-ai\qmoi-clone-optimize.log. Auto-committing and pushing to repo...
[2025-07-16T00:51:25.854Z] [QMOI] Auto-sync failed: spawnSync C:\WINDOWS\system32\cmd.exe ENOENT
[2025-07-16T00:51:42.450Z] [QMOI] Detected change on D:\applications\Alpha-Q-ai\qmoi-clone-optimize.log. Auto-committing and pushing to repo...
[2025-07-16T00:51:42.453Z] [QMOI] Auto-sync failed: spawnSync C:\WINDOWS\system32\cmd.exe ENOENT
[2025-07-16T00:52:04.551Z] [QMOI] Detected change on D:\applications\Alpha-Q-ai\qmoi-clone-optimize.log. Auto-committing and pushing to repo...
[2025-07-16T00:52:04.553Z] [QMOI] Auto-sync failed: spawnSync C:\WINDOWS\system32\cmd.exe ENOENT
[2025-07-16T00:52:12.016Z] [QMOI] Detected change on D:\applications\Alpha-Q-ai\qmoi-clone-optimize.log. Auto-committing and pushing to repo...
[2025-07-16T00:52:12.020Z] [QMOI] Auto-sync failed: spawnSync C:\WINDOWS\system32\cmd.exe ENOENT
[2025-07-16T00:52:18.793Z] [QMOI] Detected change on D:\applications\Alpha-Q-ai\qmoi-clone-optimize.log. Auto-committing and pushing to repo...
[2025-07-16T00:52:18.796Z] [QMOI] Auto-sync failed: spawnSync C:\WINDOWS\system32\cmd.exe ENOENT
[2025-07-16T00:52:26.217Z] [QMOI] Detected change on D:\applications\Alpha-Q-ai\qmoi-clone-optimize.log. Auto-committing and pushing to repo...
[2025-07-16T00:52:26.219Z] [QMOI] Auto-sync failed: spawnSync C:\WINDOWS\system32\cmd.exe ENOENT
[2025-07-16T00:52:26.458Z] [QMOI] Detected change on D:\applications\Alpha-Q-ai\qmoi-clone-optimize.log. Auto-committing and pushing to repo...
[2025-07-16T00:52:26.461Z] [QMOI] Auto-sync failed: spawnSync C:\WINDOWS\system32\cmd.exe ENOENT
[2025-07-16T00:52:47.603Z] [QMOI] Detected change on D:\applications\Alpha-Q-ai\qmoi-clone-optimize.log. Auto-committing and pushing to repo...
[2025-07-16T00:52:47.606Z] [QMOI] Auto-sync failed: spawnSync C:\WINDOWS\system32\cmd.exe ENOENT
[2025-07-16T00:52:51.375Z] [QMOI] Detected change on D:\applications\Alpha-Q-ai\qmoi-clone-optimize.log. Auto-committing and pushing to repo...
[2025-07-16T00:52:51.378Z] [QMOI] Auto-sync failed: spawnSync C:\WINDOWS\system32\cmd.exe ENOENT
[2025-07-16T00:52:52.223Z] [QMOI] Detected change on D:\applications\Alpha-Q-ai\qmoi-clone-optimize.log. Auto-committing and pushing to repo...
[2025-07-16T00:52:52.295Z] [QMOI] Auto-sync failed: spawnSync C:\WINDOWS\system32\cmd.exe ENOENT
[2025-07-16T00:53:08.815Z] [QMOI] Detected change on D:\applications\Alpha-Q-ai\qmoi-clone-optimize.log. Auto-committing and pushing to repo...
[2025-07-16T00:53:08.818Z] [QMOI] Auto-sync failed: spawnSync C:\WINDOWS\system32\cmd.exe ENOENT
[2025-07-16T00:53:09.382Z] [QMOI] Detected change on D:\applications\Alpha-Q-ai\qmoi-clone-optimize.log. Auto-committing and pushing to repo...
[2025-07-16T00:53:09.385Z] [QMOI] Auto-sync failed: spawnSync C:\WINDOWS\system32\cmd.exe ENOENT
[2025-07-16T00:53:15.693Z] [QMOI] Detected change on D:\applications\Alpha-Q-ai\qmoi-clone-optimize.log. Auto-committing and pushing to repo...
[2025-07-16T00:53:15.696Z] [QMOI] Auto-sync failed: spawnSync C:\WINDOWS\system32\cmd.exe ENOENT
[2025-07-16T00:53:15.829Z] [QMOI] Detected change on D:\applications\Alpha-Q-ai\qmoi-clone-optimize.log. Auto-committing and pushing to repo...
[2025-07-16T00:53:15.831Z] [QMOI] Auto-sync failed: spawnSync C:\WINDOWS\system32\cmd.exe ENOENT
[2025-07-16T00:53:16.185Z] [QMOI] Detected change on D:\applications\Alpha-Q-ai\qmoi-clone-optimize.log. Auto-committing and pushing to repo...
[2025-07-16T00:53:16.187Z] [QMOI] Auto-sync failed: spawnSync C:\WINDOWS\system32\cmd.exe ENOENT
[2025-07-16T00:53:22.778Z] [QMOI] Detected change on D:\applications\Alpha-Q-ai\qmoi-clone-optimize.log. Auto-committing and pushing to repo...
[2025-07-16T00:53:22.781Z] [QMOI] Auto-sync failed: spawnSync C:\WINDOWS\system32\cmd.exe ENOENT
[2025-07-16T00:53:22.885Z] [QMOI] Detected change on D:\applications\Alpha-Q-ai\qmoi-clone-optimize.log. Auto-committing and pushing to repo...
[2025-07-16T00:53:22.889Z] [QMOI] Auto-sync failed: spawnSync C:\WINDOWS\system32\cmd.exe ENOENT
[2025-07-16T00:53:23.185Z] [QMOI] Detected change on D:\applications\Alpha-Q-ai\qmoi-clone-optimize.log. Auto-committing and pushing to repo...
[2025-07-16T00:53:23.200Z] [QMOI] Auto-sync failed: spawnSync C:\WINDOWS\system32\cmd.exe ENOENT
[2025-07-16T00:53:32.607Z] [QMOI] Detected change on D:\applications\Alpha-Q-ai\qmoi-clone-optimize.log. Auto-committing and pushing to repo...
[2025-07-16T00:53:32.611Z] [QMOI] Auto-sync failed: spawnSync C:\WINDOWS\system32\cmd.exe ENOENT
[2025-07-16T00:53:38.784Z] [QMOI] Detected change on D:\applications\Alpha-Q-ai\qmoi-clone-optimize.log. Auto-committing and pushing to repo...
[2025-07-16T00:53:38.787Z] [QMOI] Auto-sync failed: spawnSync C:\WINDOWS\system32\cmd.exe ENOENT
[2025-07-16T00:53:39.192Z] [QMOI] Detected change on D:\applications\Alpha-Q-ai\qmoi-clone-optimize.log. Auto-committing and pushing to repo...
[2025-07-16T00:53:39.194Z] [QMOI] Auto-sync failed: spawnSync C:\WINDOWS\system32\cmd.exe ENOENT
[2025-07-16T00:53:39.663Z] [QMOI] Detected change on D:\applications\Alpha-Q-ai\qmoi-clone-optimize.log. Auto-committing and pushing to repo...
[2025-07-16T00:53:39.665Z] [QMOI] Auto-sync failed: spawnSync C:\WINDOWS\system32\cmd.exe ENOENT
[2025-07-16T00:54:11.201Z] [QMOI] Detected change on D:\applications\Alpha-Q-ai\qmoi-clone-optimize.log. Auto-committing and pushing to repo...
[2025-07-16T00:54:11.204Z] [QMOI] Auto-sync failed: spawnSync C:\WINDOWS\system32\cmd.exe ENOENT
[2025-07-16T00:54:11.884Z] [QMOI] Detected change on D:\applications\Alpha-Q-ai\qmoi-clone-optimize.log. Auto-committing and pushing to repo...
[2025-07-16T00:54:11.887Z] [QMOI] Auto-sync failed: spawnSync C:\WINDOWS\system32\cmd.exe ENOENT
[2025-07-16T00:54:12.674Z] [QMOI] Detected change on D:\applications\Alpha-Q-ai\.git\FETCH_HEAD. Auto-committing and pushing to repo...
[2025-07-16T00:54:12.676Z] [QMOI] Auto-sync failed: spawnSync C:\WINDOWS\system32\cmd.exe ENOENT
[2025-07-16T00:54:45.820Z] [QMOI] Detected change on D:\applications\Alpha-Q-ai\qmoi-clone-optimize.log. Auto-committing and pushing to repo...
[2025-07-16T00:54:45.823Z] [QMOI] Auto-sync failed: spawnSync C:\WINDOWS\system32\cmd.exe ENOENT
[2025-07-16T00:54:49.385Z] [QMOI] Detected change on D:\applications\Alpha-Q-ai\qmoi-clone-optimize.log. Auto-committing and pushing to repo...
[2025-07-16T00:54:49.387Z] [QMOI] Auto-sync failed: spawnSync C:\WINDOWS\system32\cmd.exe ENOENT
[2025-07-16T00:55:03.728Z] [QMOI] Detected change on D:\applications\Alpha-Q-ai\.git\FETCH_HEAD. Auto-committing and pushing to repo...
[2025-07-16T00:55:03.730Z] [QMOI] Auto-sync failed: spawnSync C:\WINDOWS\system32\cmd.exe ENOENT
[2025-07-16T00:55:16.368Z] [QMOI] Detected change on D:\applications\Alpha-Q-ai\qmoi-clone-optimize.log. Auto-committing and pushing to repo...
[2025-07-16T00:55:16.371Z] [QMOI] Auto-sync failed: spawnSync C:\WINDOWS\system32\cmd.exe ENOENT
[2025-07-16T00:55:18.941Z] [QMOI] Detected change on D:\applications\Alpha-Q-ai\qmoi-clone-optimize.log. Auto-committing and pushing to repo...
[2025-07-16T00:55:18.944Z] [QMOI] Auto-sync failed: spawnSync C:\WINDOWS\system32\cmd.exe ENOENT
[2025-07-16T00:55:30.630Z] [QMOI] Detected change on D:\applications\Alpha-Q-ai\qmoi-clone-optimize.log. Auto-committing and pushing to repo...
[2025-07-16T00:55:30.632Z] [QMOI] Auto-sync failed: spawnSync C:\WINDOWS\system32\cmd.exe ENOENT
