[2025-07-11T21:39:35.251Z] [INFO] 🚀 Starting QMOI Auto-Setup...
[2025-07-11T21:39:35.291Z] [INFO] Checking project structure...
[2025-07-11T21:39:35.292Z] [INFO] ✅ Project structure looks good
[2025-07-11T21:39:35.293Z] [INFO] 📦 Installing all dependencies...
[2025-07-11T21:39:35.293Z] [INFO] Running: npm cache clean --force
[2025-07-11T21:40:56.221Z] [INFO] ✅ Success: npm cache clean --force
[2025-07-11T21:40:56.222Z] [INFO] Attempt 1/3: npm install --yes --legacy-peer-deps
[2025-07-11T21:40:56.222Z] [INFO] Running: npm install --yes --legacy-peer-deps
[2025-07-11T21:45:56.228Z] [ERROR] ❌ Failed: npm install --yes --legacy-peer-deps - spawnSync C:\WINDOWS\system32\cmd.exe ETIMEDOUT
[2025-07-11T21:45:56.229Z] [INFO] Retrying in 5 seconds...
[2025-07-11T21:45:56.656Z] [ERROR] Fatal error: Command failed: sleep 5
[2025-07-11T22:44:29.881Z] [INFO] 🚀 Starting QMOI Auto-Setup...
[2025-07-11T22:44:30.095Z] [INFO] Checking project structure...
[2025-07-11T22:44:30.097Z] [INFO] ✅ Project structure looks good
[2025-07-11T22:44:30.098Z] [INFO] 📦 Installing all dependencies...
[2025-07-11T22:44:30.098Z] [INFO] Running: npm cache clean --force
[2025-07-11T22:46:59.860Z] [INFO] 🚀 Starting QMOI Auto-Setup...
[2025-07-11T22:46:59.863Z] [INFO] Checking project structure...
[2025-07-11T22:46:59.864Z] [INFO] ✅ Project structure looks good
[2025-07-11T22:46:59.865Z] [INFO] 📦 Installing all dependencies...
[2025-07-11T22:46:59.866Z] [INFO] Running: npm cache clean --force
[2025-07-11T22:47:42.161Z] [INFO] ✅ Success: npm cache clean --force
[2025-07-11T22:47:42.162Z] [INFO] Attempt 1/3: npm install --yes --legacy-peer-deps
[2025-07-11T22:47:42.163Z] [INFO] Running: npm install --yes --legacy-peer-deps
[2025-07-11T22:52:42.173Z] [ERROR] ❌ Failed: npm install --yes --legacy-peer-deps - spawnSync C:\WINDOWS\system32\cmd.exe ETIMEDOUT
[2025-07-11T22:52:42.174Z] [INFO] Retrying in 5 seconds...
[2025-07-11T22:52:44.379Z] [ERROR] Fatal error: Command failed: sleep 5
[2025-07-11T23:06:08.962Z] [INFO] 🚀 Starting QMOI Auto-Setup...
[2025-07-11T23:06:09.039Z] [INFO] Checking project structure...
[2025-07-11T23:06:09.040Z] [INFO] ✅ Project structure looks good
[2025-07-11T23:06:09.041Z] [INFO] 📦 Installing all dependencies...
[2025-07-11T23:06:09.041Z] [INFO] Running: npm cache clean --force
[2025-07-11T23:06:10.962Z] [INFO] ✅ Success: npm cache clean --force
[2025-07-11T23:06:10.963Z] [INFO] Attempt 1/3: npm install --yes --legacy-peer-deps
[2025-07-11T23:06:10.964Z] [INFO] Running: npm install --yes --legacy-peer-deps
[2025-07-12T18:19:48.575Z] [INFO] 🚀 Starting QMOI Auto-Setup...
[2025-07-12T18:19:48.616Z] [INFO] Checking project structure...
[2025-07-12T18:19:48.665Z] [INFO] ✅ Project structure looks good
[2025-07-12T18:19:48.666Z] [INFO] 📦 Installing all dependencies...
[2025-07-12T18:19:48.667Z] [INFO] Running: npm cache clean --force
