0 verbose cli C:\Program Files\nodejs\node.exe C:\Users\hp\AppData\Roaming\npm\node_modules\npm\bin\npm-cli.js
1 info using npm@11.5.1
2 info using node@v22.16.0
3 silly config load:file:C:\Users\hp\AppData\Roaming\npm\node_modules\npm\npmrc
4 silly config load:file:D:\applications\Alpha-Q-ai\.npmrc
5 warn Unknown project config "msvs_version". This will stop working in the next major version of npm.
6 warn Unknown project config "scripts-prepend-node-path". This will stop working in the next major version of npm.
7 silly config load:file:C:\Users\hp\.npmrc
8 silly config load:file:C:\Users\hp\AppData\Roaming\npm\etc\npmrc
9 verbose title npm run electron:build:windows
10 verbose argv "run" "electron:build:windows"
11 verbose logfile logs-max:10 dir:D:\applications\Alpha-Q-ai\.npm-cache\_logs\2025-07-27T22_29_12_068Z-
12 verbose logfile D:\applications\Alpha-Q-ai\.npm-cache\_logs\2025-07-27T22_29_12_068Z-debug-0.log
13 silly logfile start cleaning logs, removing 1 files
14 silly logfile done cleaning log files
15 verbose stack Error: Missing script: "electron:build:windows"
15 verbose stack
15 verbose stack Did you mean one of these?
15 verbose stack   npm run electron:build:win # run the "electron:build:win" package script
15 verbose stack   npm run electron:build:mac # run the "electron:build:mac" package script
15 verbose stack   npm run electron:build:linux # run the "electron:build:linux" package script
15 verbose stack
15 verbose stack To see a list of scripts, run:
15 verbose stack   npm run
15 verbose stack     at #run (C:\Users\hp\AppData\Roaming\npm\node_modules\npm\lib\commands\run.js:115:13)
15 verbose stack     at async RunScript.exec (C:\Users\hp\AppData\Roaming\npm\node_modules\npm\lib\commands\run.js:44:7)
15 verbose stack     at async Npm.exec (C:\Users\hp\AppData\Roaming\npm\node_modules\npm\lib\npm.js:208:9)
15 verbose stack     at async module.exports (C:\Users\hp\AppData\Roaming\npm\node_modules\npm\lib\cli\entry.js:67:5)
16 error Missing script: "electron:build:windows"
16 error
16 error Did you mean one of these?
16 error   npm run electron:build:win # run the "electron:build:win" package script
16 error   npm run electron:build:mac # run the "electron:build:mac" package script
16 error   npm run electron:build:linux # run the "electron:build:linux" package script
16 error
16 error To see a list of scripts, run:
16 error   npm run
17 verbose cwd D:\applications\Alpha-Q-ai
18 verbose os Windows_NT 10.0.26100
19 verbose node v22.16.0
20 verbose npm  v11.5.1
21 verbose exit 1
22 verbose code 1
23 error A complete log of this run can be found in: D:\applications\Alpha-Q-ai\.npm-cache\_logs\2025-07-27T22_29_12_068Z-debug-0.log
