0 verbose cli C:\Program Files\nodejs\node.exe C:\Users\hp\AppData\Roaming\npm\node_modules\npm\bin\npm-cli.js
1 info using npm@11.5.1
2 info using node@v22.16.0
3 silly config load:file:C:\Users\hp\AppData\Roaming\npm\node_modules\npm\npmrc
4 silly config load:file:D:\applications\Alpha-Q-ai\.npmrc
5 warn Unknown project config "msvs_version". This will stop working in the next major version of npm.
6 warn Unknown project config "scripts-prepend-node-path". This will stop working in the next major version of npm.
7 silly config load:file:C:\Users\hp\.npmrc
8 silly config load:file:C:\Users\hp\AppData\Roaming\npm\etc\npmrc
9 verbose title npm install tailwindcss postcss autoprefixer
10 verbose argv "install" "--save-dev" "tailwindcss" "postcss" "autoprefixer"
11 verbose logfile logs-max:10 dir:D:\applications\Alpha-Q-ai\.npm-cache\_logs\2025-07-30T21_26_18_284Z-
12 verbose logfile D:\applications\Alpha-Q-ai\.npm-cache\_logs\2025-07-30T21_26_18_284Z-debug-0.log
13 silly logfile start cleaning logs, removing 1 files
14 silly packumentCache heap:2124152832 maxSize:531038208 maxEntrySize:265519104
15 warn idealTree Removing dependencies.tailwindcss in favor of devDependencies.tailwindcss
16 silly idealTree buildDeps
17 silly fetch manifest @radix-ui/react-dialog@^1.1.14
18 silly packumentCache full:https://registry.npmmirror.com/@radix-ui%2freact-dialog cache-miss
19 silly logfile done cleaning log files
20 http fetch GET 200 https://registry.npmmirror.com/@radix-ui%2freact-dialog 11909ms (cache revalidated)
21 silly packumentCache full:https://registry.npmmirror.com/@radix-ui%2freact-dialog set size:964342 disposed:false
22 silly fetch manifest @radix-ui/react-slot@^1.2.3
23 silly packumentCache full:https://registry.npmmirror.com/@radix-ui%2freact-slot cache-miss
24 http fetch GET 200 https://registry.npmmirror.com/@radix-ui%2freact-slot 2450ms (cache revalidated)
25 silly packumentCache full:https://registry.npmmirror.com/@radix-ui%2freact-slot set size:344579 disposed:false
26 silly fetch manifest @radix-ui/react-tabs@^1.1.12
27 silly packumentCache full:https://registry.npmmirror.com/@radix-ui%2freact-tabs cache-miss
28 http fetch GET 200 https://registry.npmmirror.com/@radix-ui%2freact-tabs 2142ms (cache revalidated)
29 silly packumentCache full:https://registry.npmmirror.com/@radix-ui%2freact-tabs set size:779803 disposed:false
30 silly fetch manifest @vercel/analytics@^1.5.0
31 silly packumentCache full:https://registry.npmmirror.com/@vercel%2fanalytics cache-miss
32 http fetch GET 200 https://registry.npmmirror.com/@vercel%2fanalytics 3366ms (cache revalidated)
33 silly packumentCache full:https://registry.npmmirror.com/@vercel%2fanalytics set size:231981 disposed:false
34 silly fetch manifest axios@^1.11.0
35 silly packumentCache full:https://registry.npmmirror.com/axios cache-miss
36 http fetch GET 200 https://registry.npmmirror.com/axios 4271ms (cache revalidated)
37 silly packumentCache full:https://registry.npmmirror.com/axios set size:664590 disposed:false
38 silly fetch manifest better-sqlite3@^12.2.0
39 silly packumentCache full:https://registry.npmmirror.com/better-sqlite3 cache-miss
40 http fetch GET 200 https://registry.npmmirror.com/better-sqlite3 3022ms (cache revalidated)
41 silly packumentCache full:https://registry.npmmirror.com/better-sqlite3 set size:333622 disposed:false
42 silly fetch manifest chart.js@^4.5.0
43 silly packumentCache full:https://registry.npmmirror.com/chart.js cache-miss
44 http fetch GET 200 https://registry.npmmirror.com/chart.js 3614ms (cache revalidated)
45 silly packumentCache full:https://registry.npmmirror.com/chart.js set size:391240 disposed:false
46 silly fetch manifest class-variance-authority@^0.7.1
47 silly packumentCache full:https://registry.npmmirror.com/class-variance-authority cache-miss
48 http fetch GET 200 https://registry.npmmirror.com/class-variance-authority 2020ms (cache revalidated)
49 silly packumentCache full:https://registry.npmmirror.com/class-variance-authority set size:98450 disposed:false
50 silly fetch manifest dockerode@^4.0.7
51 silly packumentCache full:https://registry.npmmirror.com/dockerode cache-miss
52 http fetch GET 200 https://registry.npmmirror.com/dockerode 3560ms (cache revalidated)
53 silly packumentCache full:https://registry.npmmirror.com/dockerode set size:276492 disposed:false
54 silly fetch manifest electron-updater@^6.1.0
55 silly packumentCache full:https://registry.npmmirror.com/electron-updater cache-miss
56 http fetch GET 200 https://registry.npmmirror.com/electron-updater 1599ms (cache revalidated)
57 silly packumentCache full:https://registry.npmmirror.com/electron-updater set size:600291 disposed:false
58 silly fetch manifest express@^5.1.0
59 silly packumentCache full:https://registry.npmmirror.com/express cache-miss
60 http fetch GET 200 https://registry.npmmirror.com/express 1348ms (cache revalidated)
61 silly packumentCache full:https://registry.npmmirror.com/express set size:722882 disposed:false
62 silly fetch manifest face-api.js@^0.22.2
63 silly packumentCache full:https://registry.npmmirror.com/face-api.js cache-miss
64 http fetch GET 200 https://registry.npmmirror.com/face-api.js 2112ms (cache revalidated)
65 silly packumentCache full:https://registry.npmmirror.com/face-api.js set size:120905 disposed:false
66 silly fetch manifest framer-motion@^12.23.1
67 silly packumentCache full:https://registry.npmmirror.com/framer-motion cache-miss
68 http fetch GET 200 https://registry.npmmirror.com/framer-motion 3272ms (cache revalidated)
69 silly packumentCache full:https://registry.npmmirror.com/framer-motion set size:9545414 disposed:false
70 silly fetch manifest fs-extra@^11.3.0
71 silly packumentCache full:https://registry.npmmirror.com/fs-extra cache-miss
72 http fetch GET 200 https://registry.npmmirror.com/fs-extra 1616ms (cache revalidated)
73 silly packumentCache full:https://registry.npmmirror.com/fs-extra set size:208205 disposed:false
74 silly fetch manifest lucide-react@^0.525.0
75 silly packumentCache full:https://registry.npmmirror.com/lucide-react cache-miss
76 http fetch GET 200 https://registry.npmmirror.com/lucide-react 2924ms (cache revalidated)
77 silly packumentCache full:https://registry.npmmirror.com/lucide-react set size:2102485 disposed:false
78 silly fetch manifest next@^14.2.30
79 silly packumentCache full:https://registry.npmmirror.com/next cache-miss
80 verbose cwd D:\applications\Alpha-Q-ai
81 verbose os Windows_NT 10.0.26100
82 verbose node v22.16.0
83 verbose npm  v11.5.1
84 verbose exit 1
85 verbose code 1
86 error A complete log of this run can be found in: D:\applications\Alpha-Q-ai\.npm-cache\_logs\2025-07-30T21_26_18_284Z-debug-0.log
