0 verbose cli C:\Program Files\nodejs\node.exe C:\Users\hp\AppData\Roaming\npm\node_modules\npm\bin\npm-cli.js
1 info using npm@11.5.1
2 info using node@v22.16.0
3 silly config load:file:C:\Users\hp\AppData\Roaming\npm\node_modules\npm\npmrc
4 warn Unknown env config "msvs-version". This will stop working in the next major version of npm.
5 warn Unknown env config "scripts-prepend-node-path". This will stop working in the next major version of npm.
6 silly config load:file:D:\applications\Alpha-Q-ai\.npmrc
7 warn Unknown project config "msvs_version". This will stop working in the next major version of npm.
8 warn Unknown project config "scripts-prepend-node-path". This will stop working in the next major version of npm.
9 silly config load:file:C:\Users\hp\.npmrc
10 silly config load:file:C:\Users\hp\AppData\Roaming\npm\etc\npmrc
11 verbose title npm exec tailwindcss -i ./app/globals.css -o ./public/tailwind.css --minify
12 verbose argv "exec" "--" "tailwindcss" "-i" "./app/globals.css" "-o" "./public/tailwind.css" "--minify"
13 verbose logfile logs-max:10 dir:D:\applications\Alpha-Q-ai\.npm-cache\_logs\2025-07-30T21_28_20_425Z-
14 verbose logfile D:\applications\Alpha-Q-ai\.npm-cache\_logs\2025-07-30T21_28_20_425Z-debug-0.log
15 silly logfile start cleaning logs, removing 1 files
16 silly packumentCache heap:2124152832 maxSize:531038208 maxEntrySize:265519104
17 silly logfile done cleaning log files
18 verbose stack Error: could not determine executable to run
18 verbose stack     at getBinFromManifest (C:\Users\hp\AppData\Roaming\npm\node_modules\npm\node_modules\libnpmexec\lib\get-bin-from-manifest.js:17:23)
18 verbose stack     at exec (C:\Users\hp\AppData\Roaming\npm\node_modules\npm\node_modules\libnpmexec\lib\index.js:205:15)
18 verbose stack     at async Npm.exec (C:\Users\hp\AppData\Roaming\npm\node_modules\npm\lib\npm.js:208:9)
18 verbose stack     at async module.exports (C:\Users\hp\AppData\Roaming\npm\node_modules\npm\lib\cli\entry.js:67:5)
19 verbose pkgid tailwindcss@4.1.11
20 error could not determine executable to run
21 verbose cwd D:\applications\Alpha-Q-ai
22 verbose os Windows_NT 10.0.26100
23 verbose node v22.16.0
24 verbose npm  v11.5.1
25 verbose exit 1
26 verbose code 1
27 error A complete log of this run can be found in: D:\applications\Alpha-Q-ai\.npm-cache\_logs\2025-07-30T21_28_20_425Z-debug-0.log
