[2025-07-14T16:54:16.975Z] [INFO] Starting QMOI GitHub fallback pipeline...
[2025-07-14T16:54:17.002Z] [INFO] Checking GitLab availability...
[2025-07-14T16:54:20.032Z] [INFO] GitLab is not available
[2025-07-14T16:54:20.032Z] [INFO] Checking GitHub availability...
[2025-07-14T16:54:20.787Z] [INFO] GitHub is not available
[2025-07-14T16:54:20.787Z] [ERROR] GitHub fallback pipeline failed: Neither GitLab nor GitHub is available
[2025-07-14T16:54:20.787Z] [ERROR] GitHub fallback failed: Neither GitLab nor GitHub is available
[2025-07-15T05:32:32.458Z] [INFO] Monitoring platform availability...
[2025-07-15T05:32:32.477Z] [INFO] Checking GitLab availability...
[2025-07-15T05:32:33.514Z] [INFO] GitLab is not available
[2025-07-15T05:32:33.516Z] [INFO] Checking GitHub availability...
[2025-07-15T05:32:34.258Z] [INFO] GitHub is not available
[2025-07-15T05:32:34.259Z] [INFO] Platform status: GitLab=unavailable, GitHub=unavailable
[2025-07-15T05:34:27.885Z] [INFO] Monitoring platform availability...
[2025-07-15T05:34:27.889Z] [INFO] Checking GitLab availability...
[2025-07-15T05:34:28.762Z] [INFO] GitLab is not available
[2025-07-15T05:34:28.763Z] [INFO] Checking GitHub availability...
[2025-07-15T05:34:29.505Z] [INFO] GitHub is not available
[2025-07-15T05:34:29.506Z] [INFO] Platform status: GitLab=unavailable, GitHub=unavailable
[2025-07-15T05:35:37.810Z] [INFO] Monitoring platform availability...
[2025-07-15T05:35:37.818Z] [INFO] Checking GitLab availability...
[2025-07-15T05:35:38.701Z] [INFO] GitLab is not available
[2025-07-15T05:35:38.702Z] [INFO] Checking GitHub availability...
[2025-07-15T05:35:40.261Z] [INFO] GitHub is not available
[2025-07-15T05:35:40.263Z] [INFO] Platform status: GitLab=unavailable, GitHub=unavailable
[2025-07-15T05:42:30.080Z] [INFO] Monitoring platform availability...
[2025-07-15T05:42:31.349Z] [INFO] Checking GitLab availability...
[2025-07-15T05:42:42.211Z] [WARN] GitLab is not available: getaddrinfo ENOTFOUND gitlab.com
[2025-07-15T05:42:42.213Z] [INFO] Checking GitHub availability...
[2025-07-15T05:42:42.218Z] [WARN] GitHub is not available: getaddrinfo ENOTFOUND api.github.com
[2025-07-15T05:42:42.219Z] [INFO] Platform status: GitLab=unavailable, GitHub=unavailable
[2025-07-15T05:46:03.097Z] [INFO] Starting QMOI GitHub fallback pipeline...
[2025-07-15T05:46:03.146Z] [INFO] Checking GitLab availability...
[2025-07-15T05:46:03.250Z] [WARN] GitLab is not available: getaddrinfo ENOTFOUND gitlab.com
[2025-07-15T05:46:03.251Z] [INFO] Checking GitHub availability...
[2025-07-15T05:46:03.257Z] [WARN] GitHub is not available: getaddrinfo ENOTFOUND api.github.com
[2025-07-15T05:46:03.258Z] [ERROR] GitHub fallback pipeline failed: Neither GitLab nor GitHub is available
[2025-07-15T05:46:03.258Z] [ERROR] GitHub fallback failed: Neither GitLab nor GitHub is available
[2025-07-15T05:46:04.740Z] [INFO] Monitoring platform availability...
[2025-07-15T05:46:04.744Z] [INFO] Checking GitLab availability...
[2025-07-15T05:46:04.832Z] [WARN] GitLab is not available: getaddrinfo ENOTFOUND gitlab.com
[2025-07-15T05:46:04.833Z] [INFO] Checking GitHub availability...
[2025-07-15T05:46:04.839Z] [WARN] GitHub is not available: getaddrinfo ENOTFOUND api.github.com
[2025-07-15T05:46:04.840Z] [INFO] Platform status: GitLab=unavailable, GitHub=unavailable
