[2025-07-03T00:32:18.472Z] [INFO] 🎯 QMOI Master AutoStart System - Starting Complete Automation
[2025-07-03T00:32:18.982Z] [INFO] ================================================================================
[2025-07-03T00:32:18.983Z] [INFO] 🚀 Starting QCity Device with Unlimited Resources...
[2025-07-03T00:32:18.984Z] [INFO] Starting: Check QCity status
[2025-07-03T00:32:24.037Z] [SUCCESS] Completed: Check QCity status
[2025-07-03T00:32:24.038Z] [INFO] Starting: Run QCity AI optimization
[2025-07-03T00:32:25.216Z] [SUCCESS] Completed: Run QCity AI optimization
[2025-07-03T00:32:25.216Z] [INFO] Starting: Initialize QCity device cluster
[2025-07-03T00:32:26.362Z] [SUCCESS] Completed: Initialize QCity device cluster
[2025-07-03T00:32:26.439Z] [INFO] Starting: Run QCity security audit
[2025-07-03T00:32:27.284Z] [SUCCESS] Completed: Run QCity security audit
[2025-07-03T00:32:27.285Z] [INFO] 🖥️ Starting QServer with Auto-Scaling...
[2025-07-03T00:32:27.286Z] [INFO] Starting: Start QServer
[2025-07-03T00:32:28.734Z] [SUCCESS] Completed: Start QServer
[2025-07-03T00:32:28.735Z] [INFO] Starting: Configure auto-scaling
[2025-07-03T00:32:29.553Z] [SUCCESS] Completed: Configure auto-scaling
[2025-07-03T00:32:29.554Z] [INFO] Starting: Optimize QServer performance
[2025-07-03T00:32:30.394Z] [SUCCESS] Completed: Optimize QServer performance
[2025-07-03T00:32:30.395Z] [INFO] Starting: Run QServer security audit
[2025-07-03T00:32:30.933Z] [SUCCESS] Completed: Run QServer security audit
[2025-07-03T00:32:30.934Z] [INFO] 🧠 Starting QMOI Core System...
[2025-07-03T00:32:30.935Z] [INFO] Starting: Start QMOI master orchestrator
[2025-07-03T00:32:32.190Z] [ERROR] Failed: Start QMOI master orchestrator - Command failed: npm run qmoi:master:start
file:///D:/applications/Alpha-Q-ai/scripts/qmoi_master_orchestrator.js:3
const { spawn, execSync } = require('child_process');
                            ^

ReferenceError: require is not defined in ES module scope, you can use import instead
This file is being treated as an ES module because it has a '.js' file extension and 'D:\applications\Alpha-Q-ai\package.json' contains "type": "module". To treat it as a CommonJS script, rename it to use the '.cjs' file extension.
    at file:///D:/applications/Alpha-Q-ai/scripts/qmoi_master_orchestrator.js:3:29
    at ModuleJob.run (node:internal/modules/esm/module_job:274:25)
    at async onImport.tracePromise.__proto__ (node:internal/modules/esm/loader:644:26)
    at async asyncRunEntryPointWithESMLoader (node:internal/modules/run_main:117:5)

Node.js v22.16.0

[2025-07-03T00:32:32.190Z] [INFO] Starting: Initialize auto-git management
[2025-07-03T00:32:35.832Z] [ERROR] Failed: Initialize auto-git management - Command failed: npm run qmoi:autogit:run
file:///D:/applications/Alpha-Q-ai/scripts/qmoi_enhanced_autogit.js:3
const { execSync, spawn } = require('child_process');
                            ^

ReferenceError: require is not defined in ES module scope, you can use import instead
This file is being treated as an ES module because it has a '.js' file extension and 'D:\applications\Alpha-Q-ai\package.json' contains "type": "module". To treat it as a CommonJS script, rename it to use the '.cjs' file extension.
    at file:///D:/applications/Alpha-Q-ai/scripts/qmoi_enhanced_autogit.js:3:29
    at ModuleJob.run (node:internal/modules/esm/module_job:274:25)
    at async onImport.tracePromise.__proto__ (node:internal/modules/esm/loader:644:26)
    at async asyncRunEntryPointWithESMLoader (node:internal/modules/run_main:117:5)

Node.js v22.16.0

[2025-07-03T00:32:35.832Z] [INFO] Starting: Verify documentation system
[2025-07-03T00:32:37.570Z] [ERROR] Failed: Verify documentation system - Command failed: npm run qmoi:docs:verify
file:///D:/applications/Alpha-Q-ai/scripts/qmoi_doc_verifier.js:648
  function loadExclusions() {
           ^^^^^^^^^^^^^^

SyntaxError: Unexpected identifier 'loadExclusions'
    at compileSourceTextModule (node:internal/modules/esm/utils:344:16)
    at ModuleLoader.moduleStrategy (node:internal/modules/esm/translators:105:18)
    at #translate (node:internal/modules/esm/loader:534:12)
    at ModuleLoader.loadAndTranslate (node:internal/modules/esm/loader:581:27)
    at async ModuleJob._link (node:internal/modules/esm/module_job:116:19)

Node.js v22.16.0

[2025-07-03T00:32:37.571Z] [INFO] Starting: Run comprehensive tests
[2025-07-03T00:32:38.804Z] [ERROR] Failed: Run comprehensive tests - Command failed: npm run qmoi:test:all
file:///D:/applications/Alpha-Q-ai/scripts/qmoi_self_test_runner.js:3
const fs = require('fs');
           ^

ReferenceError: require is not defined in ES module scope, you can use import instead
This file is being treated as an ES module because it has a '.js' file extension and 'D:\applications\Alpha-Q-ai\package.json' contains "type": "module". To treat it as a CommonJS script, rename it to use the '.cjs' file extension.
    at file:///D:/applications/Alpha-Q-ai/scripts/qmoi_self_test_runner.js:3:12
    at ModuleJob.run (node:internal/modules/esm/module_job:274:25)
    at async onImport.tracePromise.__proto__ (node:internal/modules/esm/loader:644:26)
    at async asyncRunEntryPointWithESMLoader (node:internal/modules/run_main:117:5)

Node.js v22.16.0

[2025-07-03T00:32:38.805Z] [INFO] 🏥 Running Comprehensive Health Checks...
[2025-07-03T00:32:38.805Z] [INFO] Starting: QMOI master health check
[2025-07-03T00:32:39.949Z] [ERROR] Failed: QMOI master health check - Command failed: npm run qmoi:master:health
file:///D:/applications/Alpha-Q-ai/scripts/qmoi_master_orchestrator.js:3
const { spawn, execSync } = require('child_process');
                            ^

ReferenceError: require is not defined in ES module scope, you can use import instead
This file is being treated as an ES module because it has a '.js' file extension and 'D:\applications\Alpha-Q-ai\package.json' contains "type": "module". To treat it as a CommonJS script, rename it to use the '.cjs' file extension.
    at file:///D:/applications/Alpha-Q-ai/scripts/qmoi_master_orchestrator.js:3:29
    at ModuleJob.run (node:internal/modules/esm/module_job:274:25)
    at async onImport.tracePromise.__proto__ (node:internal/modules/esm/loader:644:26)
    at async asyncRunEntryPointWithESMLoader (node:internal/modules/run_main:117:5)

Node.js v22.16.0

[2025-07-03T00:32:39.950Z] [INFO] Starting: QCity device monitoring
[2025-07-03T00:32:41.353Z] [SUCCESS] Completed: QCity device monitoring
[2025-07-03T00:32:41.354Z] [INFO] Starting: QServer health check
[2025-07-03T00:32:41.980Z] [SUCCESS] Completed: QServer health check
[2025-07-03T00:32:41.981Z] [INFO] Starting: System verification
[2025-07-03T00:32:43.635Z] [ERROR] Failed: System verification - Command failed: npm run qmoi:verify:all
file:///D:/applications/Alpha-Q-ai/scripts/qmoi_doc_verifier.js:648
  function loadExclusions() {
           ^^^^^^^^^^^^^^

SyntaxError: Unexpected identifier 'loadExclusions'
    at compileSourceTextModule (node:internal/modules/esm/utils:344:16)
    at ModuleLoader.moduleStrategy (node:internal/modules/esm/translators:105:18)
    at #translate (node:internal/modules/esm/loader:534:12)
    at ModuleLoader.loadAndTranslate (node:internal/modules/esm/loader:581:27)
    at async ModuleJob._link (node:internal/modules/esm/module_job:116:19)

Node.js v22.16.0

[2025-07-03T00:32:43.636Z] [INFO] 🔧 Applying Automated Fixes...
[2025-07-03T00:32:43.637Z] [INFO] Starting: Comprehensive error fixing
[2025-07-03T00:37:43.652Z] [ERROR] Failed: Comprehensive error fixing - spawnSync C:\WINDOWS\system32\cmd.exe ETIMEDOUT
[2025-07-03T00:37:43.653Z] [INFO] Starting: QCity auto-fix
[2025-07-03T00:37:51.769Z] [SUCCESS] Completed: QCity auto-fix
[2025-07-03T00:37:51.770Z] [INFO] Starting: QServer auto-fix
[2025-07-03T00:37:55.937Z] [SUCCESS] Completed: QServer auto-fix
[2025-07-03T00:37:55.938Z] [INFO] Starting: Code linting fixes
[2025-07-03T00:40:38.748Z] [ERROR] Failed: Code linting fixes - Command failed: npm run lint:fix
[2025-07-03T00:40:38.988Z] [INFO] 🔄 Setting up GitHub Actions Workflows...
[2025-07-03T00:40:40.035Z] [INFO] Created: .github/workflows/qmoi-ci-cd.yml
[2025-07-03T00:40:40.308Z] [INFO] Created: .github/workflows/qmoi-auto-fix.yml
[2025-07-03T00:40:40.338Z] [INFO] Created: .github/workflows/qmoi-health-monitor.yml
[2025-07-03T00:40:40.339Z] [INFO] 🚀 Deploying to Production with Monitoring...
[2025-07-03T00:40:40.340Z] [INFO] Starting: Deploy with monitoring
[2025-07-03T00:45:40.366Z] [ERROR] Failed: Deploy with monitoring - spawnSync C:\WINDOWS\system32\cmd.exe ETIMEDOUT
[2025-07-03T00:45:40.367Z] [INFO] Starting: Verify deployment health
[2025-07-03T00:45:42.685Z] [ERROR] Failed: Verify deployment health - Command failed: npm run qmoi:master:health
file:///D:/applications/Alpha-Q-ai/scripts/qmoi_master_orchestrator.js:3
const { spawn, execSync } = require('child_process');
                            ^

ReferenceError: require is not defined in ES module scope, you can use import instead
This file is being treated as an ES module because it has a '.js' file extension and 'D:\applications\Alpha-Q-ai\package.json' contains "type": "module". To treat it as a CommonJS script, rename it to use the '.cjs' file extension.
    at file:///D:/applications/Alpha-Q-ai/scripts/qmoi_master_orchestrator.js:3:29
    at ModuleJob.run (node:internal/modules/esm/module_job:274:25)
    at async onImport.tracePromise.__proto__ (node:internal/modules/esm/loader:644:26)
    at async asyncRunEntryPointWithESMLoader (node:internal/modules/run_main:117:5)

Node.js v22.16.0

[2025-07-03T00:45:42.685Z] [INFO] Starting: Check all system status
[2025-07-03T00:45:48.074Z] [ERROR] Failed: Check all system status - Command failed: npm run qmoi:status:all
file:///D:/applications/Alpha-Q-ai/scripts/qmoi_master_orchestrator.js:3
const { spawn, execSync } = require('child_process');
                            ^

ReferenceError: require is not defined in ES module scope, you can use import instead
This file is being treated as an ES module because it has a '.js' file extension and 'D:\applications\Alpha-Q-ai\package.json' contains "type": "module". To treat it as a CommonJS script, rename it to use the '.cjs' file extension.
    at file:///D:/applications/Alpha-Q-ai/scripts/qmoi_master_orchestrator.js:3:29
    at ModuleJob.run (node:internal/modules/esm/module_job:274:25)
    at async onImport.tracePromise.__proto__ (node:internal/modules/esm/loader:644:26)
    at async asyncRunEntryPointWithESMLoader (node:internal/modules/run_main:117:5)

Node.js v22.16.0

[2025-07-03T00:45:48.074Z] [INFO] 📊 Generating System Report...
[2025-07-03T00:45:48.193Z] [INFO] System report generated: logs/qmoi-autostart-report.json
[2025-07-03T00:45:48.194Z] [INFO] ================================================================================
[2025-07-03T00:45:48.194Z] [INFO] ✅ QMOI Master AutoStart System - COMPLETED SUCCESSFULLY
[2025-07-03T00:45:48.195Z] [INFO] ⏱️ Total Duration: 809.604 seconds
[2025-07-03T00:45:48.195Z] [INFO] 🚀 All systems are now running with unlimited resources
[2025-07-03T00:45:48.196Z] [INFO] 🔧 GitHub Actions workflows configured
[2025-07-03T00:45:48.196Z] [INFO] 🏥 Health checks passed
[2025-07-03T00:45:48.196Z] [INFO] 🔒 Security measures active
[2025-07-03T00:45:48.197Z] [INFO] 💰 Revenue engine operational
[2025-07-03T00:45:48.198Z] [INFO] ================================================================================
