2025-07-15 22:41:12,612 - INFO - ==================================================
2025-07-15 22:57:28,122 - INFO - ==================================================
2025-07-16 01:12:51,192 - INFO - ==================================================
2025-07-16 01:22:27,388 - WARNING - 'platforms' key missing in config. Auto-initializing.
2025-07-16 01:22:27,472 - INFO - ==================================================
2025-07-16 01:22:27,472 - ERROR - NPM check failed: 'QMOIMasterAutomation' object has no attribute 'safe_subprocess_run'
2025-07-16 01:22:27,473 - INFO - Checking for Next.js updates...
2025-07-16 01:22:27,473 - ERROR - Next.js upgrade failed: 'QMOIMasterAutomation' object has no attribute 'safe_subprocess_run'
2025-07-16 01:22:27,552 - INFO - ==================================================
2025-07-16 01:23:14,758 - INFO - ==================================================
2025-07-16 01:23:14,794 - ERROR - Subprocess error: [WinError 2] The system cannot find the file specified
2025-07-16 01:23:14,794 - ERROR - NPM check failed: 'NoneType' object has no attribute 'returncode'
2025-07-16 01:23:14,795 - INFO - Checking for Next.js updates...
2025-07-16 01:23:14,802 - ERROR - Subprocess error: [WinError 2] The system cannot find the file specified
2025-07-16 01:23:14,802 - ERROR - Next.js upgrade failed: 'NoneType' object has no attribute 'stdout'
2025-07-16 01:23:14,811 - ERROR - Subprocess error: [WinError 2] The system cannot find the file specified
2025-07-16 01:23:14,862 - ERROR - Subprocess error: [WinError 2] The system cannot find the file specified
2025-07-16 01:23:14,872 - ERROR - Subprocess error: [WinError 2] The system cannot find the file specified
2025-07-16 01:23:14,882 - ERROR - Subprocess error: [WinError 2] The system cannot find the file specified
2025-07-16 01:23:14,904 - ERROR - Subprocess error: [WinError 2] The system cannot find the file specified
2025-07-16 01:23:14,916 - ERROR - Subprocess error: [WinError 2] The system cannot find the file specified
2025-07-16 01:23:14,926 - ERROR - Subprocess error: [WinError 2] The system cannot find the file specified
2025-07-16 01:23:14,933 - ERROR - Subprocess error: [WinError 2] The system cannot find the file specified
2025-07-16 01:23:14,940 - ERROR - Subprocess error: [WinError 2] The system cannot find the file specified
2025-07-16 01:23:14,948 - ERROR - Subprocess error: [WinError 2] The system cannot find the file specified
2025-07-16 01:23:14,957 - ERROR - Subprocess error: [WinError 2] The system cannot find the file specified
2025-07-16 01:23:14,965 - ERROR - Subprocess error: [WinError 2] The system cannot find the file specified
2025-07-16 01:23:14,973 - ERROR - Subprocess error: [WinError 2] The system cannot find the file specified
2025-07-16 01:24:00,021 - INFO - ==================================================
2025-07-16 01:24:00,027 - ERROR - Subprocess error: [WinError 2] The system cannot find the file specified
2025-07-16 01:24:00,028 - ERROR - NPM check failed: 'NoneType' object has no attribute 'returncode'
2025-07-16 01:24:00,028 - INFO - Checking for Next.js updates...
2025-07-16 01:24:00,034 - ERROR - Subprocess error: [WinError 2] The system cannot find the file specified
2025-07-16 01:24:00,034 - ERROR - Next.js upgrade failed: 'NoneType' object has no attribute 'stdout'
2025-07-16 01:24:00,042 - ERROR - Subprocess error: [WinError 2] The system cannot find the file specified
2025-07-16 01:24:00,051 - ERROR - Subprocess error: [WinError 2] The system cannot find the file specified
2025-07-16 01:24:00,060 - ERROR - Subprocess error: [WinError 2] The system cannot find the file specified
2025-07-16 01:24:00,069 - ERROR - Subprocess error: [WinError 2] The system cannot find the file specified
2025-07-16 01:24:00,077 - ERROR - Subprocess error: [WinError 2] The system cannot find the file specified
2025-07-16 01:24:00,088 - ERROR - Subprocess error: [WinError 2] The system cannot find the file specified
2025-07-16 01:24:00,097 - ERROR - Subprocess error: [WinError 2] The system cannot find the file specified
2025-07-16 01:24:00,104 - ERROR - Subprocess error: [WinError 2] The system cannot find the file specified
2025-07-16 01:24:00,111 - ERROR - Subprocess error: [WinError 2] The system cannot find the file specified
2025-07-16 01:24:00,119 - ERROR - Subprocess error: [WinError 2] The system cannot find the file specified
2025-07-16 01:24:00,126 - ERROR - Subprocess error: [WinError 2] The system cannot find the file specified
2025-07-16 01:24:00,134 - ERROR - Subprocess error: [WinError 2] The system cannot find the file specified
2025-07-16 01:24:00,142 - ERROR - Subprocess error: [WinError 2] The system cannot find the file specified
2025-07-16 01:48:19,283 - ERROR - Subprocess error: [WinError 2] The system cannot find the file specified
2025-07-16 01:48:20,228 - ERROR - Subprocess error: [WinError 2] The system cannot find the file specified
2025-07-16 01:48:20,398 - ERROR - Subprocess error: [WinError 2] The system cannot find the file specified
2025-07-16 01:48:20,532 - ERROR - Subprocess error: [WinError 2] The system cannot find the file specified
2025-07-16 01:48:23,719 - INFO - ==================================================
2025-07-16 02:56:03,779 - INFO - ==================================================
2025-07-16 02:56:03,839 - ERROR - Subprocess error: [WinError 2] The system cannot find the file specified
2025-07-16 02:56:03,839 - WARNING - NPM packages missing or broken. Running npm install.
2025-07-16 02:56:03,847 - ERROR - Subprocess error: [WinError 2] The system cannot find the file specified
2025-07-16 02:56:03,857 - ERROR - Subprocess error: [WinError 2] The system cannot find the file specified
2025-07-16 02:56:03,965 - ERROR - Subprocess error: [WinError 2] The system cannot find the file specified
2025-07-16 02:56:03,974 - ERROR - Subprocess error: [WinError 2] The system cannot find the file specified
2025-07-16 02:56:03,983 - ERROR - Subprocess error: [WinError 2] The system cannot find the file specified
2025-07-16 02:56:03,986 - INFO - Checking for Next.js updates...
2025-07-16 02:56:03,993 - ERROR - Subprocess error: [WinError 2] The system cannot find the file specified
2025-07-16 02:56:03,994 - ERROR - Next.js upgrade failed: 'NoneType' object has no attribute 'stdout'
2025-07-16 02:56:04,002 - ERROR - Subprocess error: [WinError 2] The system cannot find the file specified
2025-07-16 02:56:04,012 - ERROR - Subprocess error: [WinError 2] The system cannot find the file specified
2025-07-16 02:56:04,022 - ERROR - Subprocess error: [WinError 2] The system cannot find the file specified
2025-07-16 02:56:04,030 - ERROR - Subprocess error: [WinError 2] The system cannot find the file specified
2025-07-16 02:56:04,041 - ERROR - Subprocess error: [WinError 2] The system cannot find the file specified
2025-07-16 02:56:04,054 - ERROR - Subprocess error: [WinError 2] The system cannot find the file specified
2025-07-16 02:56:04,064 - ERROR - Subprocess error: [WinError 2] The system cannot find the file specified
2025-07-16 02:56:04,071 - ERROR - Subprocess error: [WinError 2] The system cannot find the file specified
2025-07-16 02:56:04,078 - ERROR - Subprocess error: [WinError 2] The system cannot find the file specified
2025-07-16 02:56:04,087 - ERROR - Subprocess error: [WinError 2] The system cannot find the file specified
2025-07-16 02:56:04,095 - ERROR - Subprocess error: [WinError 2] The system cannot find the file specified
2025-07-16 02:56:04,104 - ERROR - Subprocess error: [WinError 2] The system cannot find the file specified
2025-07-16 02:56:04,113 - ERROR - Subprocess error: [WinError 2] The system cannot find the file specified
2025-07-16 03:04:43,210 - INFO - ==================================================
2025-07-16 03:04:43,216 - ERROR - Subprocess error: [WinError 2] The system cannot find the file specified
2025-07-16 03:04:43,216 - WARNING - NPM packages missing or broken. Running npm install.
2025-07-16 03:04:43,224 - ERROR - Subprocess error: [WinError 2] The system cannot find the file specified
2025-07-16 03:04:43,309 - ERROR - Subprocess error: [WinError 2] The system cannot find the file specified
2025-07-16 03:04:43,320 - ERROR - Subprocess error: [WinError 2] The system cannot find the file specified
2025-07-16 03:04:43,333 - ERROR - Subprocess error: [WinError 2] The system cannot find the file specified
2025-07-16 03:04:43,348 - ERROR - Subprocess error: [WinError 2] The system cannot find the file specified
2025-07-16 03:04:43,355 - INFO - Checking for Next.js updates...
2025-07-16 03:04:43,366 - ERROR - Subprocess error: [WinError 2] The system cannot find the file specified
2025-07-16 03:04:43,366 - ERROR - Next.js upgrade failed: 'NoneType' object has no attribute 'stdout'
2025-07-16 03:04:43,378 - ERROR - Subprocess error: [WinError 2] The system cannot find the file specified
2025-07-16 03:04:43,391 - ERROR - Subprocess error: [WinError 2] The system cannot find the file specified
2025-07-16 03:04:43,410 - ERROR - Subprocess error: [WinError 2] The system cannot find the file specified
2025-07-16 03:04:43,423 - ERROR - Subprocess error: [WinError 2] The system cannot find the file specified
2025-07-16 03:04:43,436 - ERROR - Subprocess error: [WinError 2] The system cannot find the file specified
2025-07-16 03:04:43,449 - ERROR - Subprocess error: [WinError 2] The system cannot find the file specified
2025-07-16 03:04:43,459 - ERROR - Subprocess error: [WinError 2] The system cannot find the file specified
2025-07-16 03:04:43,466 - ERROR - Subprocess error: [WinError 2] The system cannot find the file specified
2025-07-16 03:04:43,474 - ERROR - Subprocess error: [WinError 2] The system cannot find the file specified
2025-07-16 03:04:43,483 - ERROR - Subprocess error: [WinError 2] The system cannot find the file specified
2025-07-16 03:04:43,491 - ERROR - Subprocess error: [WinError 2] The system cannot find the file specified
2025-07-16 03:04:43,500 - ERROR - Subprocess error: [WinError 2] The system cannot find the file specified
2025-07-16 03:04:43,508 - ERROR - Subprocess error: [WinError 2] The system cannot find the file specified
2025-07-16 03:11:02,056 - INFO - ==================================================
2025-07-16 03:11:02,256 - ERROR - Subprocess error: [WinError 2] The system cannot find the file specified
2025-07-16 03:11:02,257 - WARNING - NPM packages missing or broken. Running npm install.
2025-07-16 03:11:02,300 - ERROR - Subprocess error: [WinError 2] The system cannot find the file specified
2025-07-16 03:11:02,311 - ERROR - Subprocess error: [WinError 2] The system cannot find the file specified
2025-07-16 03:11:02,345 - ERROR - Subprocess error: [WinError 2] The system cannot find the file specified
2025-07-16 03:11:02,353 - ERROR - Subprocess error: [WinError 2] The system cannot find the file specified
2025-07-16 03:11:02,363 - ERROR - Subprocess error: [WinError 2] The system cannot find the file specified
2025-07-16 03:11:02,366 - INFO - Checking for Next.js updates...
2025-07-16 03:11:02,373 - ERROR - Subprocess error: [WinError 2] The system cannot find the file specified
2025-07-16 03:11:02,374 - ERROR - Next.js upgrade failed: 'NoneType' object has no attribute 'stdout'
2025-07-16 03:11:02,382 - ERROR - Subprocess error: [WinError 2] The system cannot find the file specified
2025-07-16 03:11:02,393 - ERROR - Subprocess error: [WinError 2] The system cannot find the file specified
2025-07-16 03:11:02,402 - ERROR - Subprocess error: [WinError 2] The system cannot find the file specified
2025-07-16 03:11:02,411 - ERROR - Subprocess error: [WinError 2] The system cannot find the file specified
2025-07-16 03:11:02,419 - ERROR - Subprocess error: [WinError 2] The system cannot find the file specified
2025-07-16 03:11:02,430 - ERROR - Subprocess error: [WinError 2] The system cannot find the file specified
2025-07-16 03:11:02,441 - ERROR - Subprocess error: [WinError 2] The system cannot find the file specified
2025-07-16 03:11:02,448 - ERROR - Subprocess error: [WinError 2] The system cannot find the file specified
2025-07-16 03:11:02,455 - ERROR - Subprocess error: [WinError 2] The system cannot find the file specified
2025-07-16 03:11:02,464 - ERROR - Subprocess error: [WinError 2] The system cannot find the file specified
2025-07-16 03:11:02,472 - ERROR - Subprocess error: [WinError 2] The system cannot find the file specified
2025-07-16 03:11:02,481 - ERROR - Subprocess error: [WinError 2] The system cannot find the file specified
2025-07-16 03:11:02,489 - ERROR - Subprocess error: [WinError 2] The system cannot find the file specified
2025-07-16 03:25:12,612 - ERROR - Subprocess error: [WinError 2] The system cannot find the file specified
2025-07-16 03:25:12,620 - ERROR - Subprocess error: [WinError 2] The system cannot find the file specified
2025-07-16 03:25:12,627 - ERROR - Subprocess error: [WinError 2] The system cannot find the file specified
2025-07-16 03:25:12,634 - ERROR - Subprocess error: [WinError 2] The system cannot find the file specified
2025-07-16 03:25:12,874 - INFO - ==================================================
2025-07-16 23:09:53,738 - INFO - ==================================================
2025-07-16 23:09:53,848 - ERROR - Subprocess error: [WinError 2] The system cannot find the file specified
2025-07-16 23:09:53,848 - WARNING - NPM packages missing or broken. Running npm install.
2025-07-16 23:09:53,855 - ERROR - Subprocess error: [WinError 2] The system cannot find the file specified
2025-07-16 23:09:53,864 - ERROR - Subprocess error: [WinError 2] The system cannot find the file specified
2025-07-16 23:09:53,885 - ERROR - Subprocess error: [WinError 2] The system cannot find the file specified
2025-07-16 23:09:53,918 - ERROR - Subprocess error: [WinError 2] The system cannot find the file specified
2025-07-16 23:09:53,958 - ERROR - Subprocess error: [WinError 2] The system cannot find the file specified
2025-07-16 23:09:53,960 - INFO - Checking for Next.js updates...
2025-07-16 23:09:53,967 - ERROR - Subprocess error: [WinError 2] The system cannot find the file specified
2025-07-16 23:09:53,968 - ERROR - Next.js upgrade failed: 'NoneType' object has no attribute 'stdout'
2025-07-16 23:09:53,976 - ERROR - Subprocess error: [WinError 2] The system cannot find the file specified
2025-07-16 23:09:53,986 - ERROR - Subprocess error: [WinError 2] The system cannot find the file specified
2025-07-16 23:09:53,994 - ERROR - Subprocess error: [WinError 2] The system cannot find the file specified
2025-07-16 23:09:54,004 - ERROR - Subprocess error: [WinError 2] The system cannot find the file specified
2025-07-16 23:09:54,011 - ERROR - Subprocess error: [WinError 2] The system cannot find the file specified
2025-07-16 23:09:54,022 - ERROR - Subprocess error: [WinError 2] The system cannot find the file specified
2025-07-16 23:09:54,031 - ERROR - Subprocess error: [WinError 2] The system cannot find the file specified
2025-07-16 23:09:54,038 - ERROR - Subprocess error: [WinError 2] The system cannot find the file specified
2025-07-16 23:09:54,045 - ERROR - Subprocess error: [WinError 2] The system cannot find the file specified
2025-07-16 23:09:54,054 - ERROR - Subprocess error: [WinError 2] The system cannot find the file specified
2025-07-16 23:09:54,062 - ERROR - Subprocess error: [WinError 2] The system cannot find the file specified
2025-07-16 23:09:54,071 - ERROR - Subprocess error: [WinError 2] The system cannot find the file specified
2025-07-16 23:09:54,079 - ERROR - Subprocess error: [WinError 2] The system cannot find the file specified
2025-07-16 23:23:48,289 - ERROR - Subprocess error: [WinError 2] The system cannot find the file specified
2025-07-16 23:23:48,300 - ERROR - Subprocess error: [WinError 2] The system cannot find the file specified
2025-07-16 23:23:48,307 - ERROR - Subprocess error: [WinError 2] The system cannot find the file specified
2025-07-16 23:23:48,314 - ERROR - Subprocess error: [WinError 2] The system cannot find the file specified
2025-07-16 23:23:48,334 - INFO - ==================================================
