2025-07-13 04:27:02,405 - INFO - Starting QMOI Comprehensive Parallel Automation
2025-07-13 04:27:02,405 - INFO - Starting parallel error detection and fixing
2025-07-13 04:27:02,406 - INFO - Starting parallel platform optimization
2025-07-13 04:27:02,406 - INFO - Starting parallel feature activation
2025-07-13 04:27:02,406 - INFO - Starting parallel QCity automation
2025-07-13 04:27:02,407 - INFO - Starting parallel developer actions
2025-07-13 04:27:02,407 - INFO - Starting parallel auto-evolution
2025-07-13 04:27:02,407 - INFO - Detecting and fixing errors for GitHub
2025-07-13 04:27:02,408 - INFO - Detecting and fixing errors for GitLab
2025-07-13 04:27:02,408 - INFO - Detecting and fixing errors for Vercel
2025-07-13 04:27:02,409 - INFO - Detecting and fixing errors for Gitpod
2025-07-13 04:27:02,409 - INFO - Detecting and fixing errors for Netlify
2025-07-13 04:27:02,409 - INFO - Detecting and fixing errors for Quantum
2025-07-13 04:27:02,409 - INFO - Detecting and fixing errors for Hugging Face
2025-07-13 04:27:02,409 - INFO - Optimizing GitHub
2025-07-13 04:27:02,410 - INFO - Optimizing GitLab
2025-07-13 04:27:02,410 - INFO - Optimizing Vercel
2025-07-13 04:27:02,410 - INFO - Optimizing Gitpod
2025-07-13 04:27:02,410 - INFO - Optimizing Netlify
2025-07-13 04:27:02,411 - INFO - Optimizing Quantum
2025-07-13 04:27:02,411 - INFO - Optimizing Hugging Face
2025-07-13 04:27:02,411 - INFO - Activating features for GitHub
2025-07-13 04:27:02,411 - INFO - Activating features for GitLab
2025-07-13 04:27:02,412 - INFO - Activating features for Vercel
2025-07-13 04:27:02,412 - INFO - Activating features for Gitpod
2025-07-13 04:27:02,412 - INFO - Activating features for Netlify
2025-07-13 04:27:02,412 - INFO - Activating features for Quantum
2025-07-13 04:27:02,412 - INFO - Activating features for Hugging Face
2025-07-13 04:27:02,412 - INFO - Automating QCity for GitHub
2025-07-13 04:27:02,413 - INFO - Automating QCity for GitLab
2025-07-13 04:27:02,413 - INFO - Automating QCity for Vercel
2025-07-13 04:27:02,413 - INFO - Automating QCity for Gitpod
2025-07-13 04:27:02,413 - INFO - Automating QCity for Netlify
2025-07-13 04:27:02,413 - INFO - Automating QCity for Quantum
2025-07-13 04:27:02,413 - INFO - Automating QCity for Hugging Face
2025-07-13 04:27:02,414 - INFO - Performing developer actions for GitHub
2025-07-13 04:27:02,414 - INFO - Performing developer actions for GitLab
2025-07-13 04:27:02,414 - INFO - Performing developer actions for Vercel
2025-07-13 04:27:02,414 - INFO - Performing developer actions for Gitpod
2025-07-13 04:27:02,414 - INFO - Performing developer actions for Netlify
2025-07-13 04:27:02,414 - INFO - Performing developer actions for Quantum
2025-07-13 04:27:02,414 - INFO - Performing developer actions for Hugging Face
2025-07-13 04:27:02,415 - INFO - Evolving GitHub
2025-07-13 04:27:02,415 - INFO - Evolving GitLab
2025-07-13 04:27:02,415 - INFO - Evolving Vercel
2025-07-13 04:27:02,415 - INFO - Evolving Gitpod
2025-07-13 04:27:02,415 - INFO - Evolving Netlify
2025-07-13 04:27:02,415 - INFO - Evolving Quantum
2025-07-13 04:27:02,415 - INFO - Evolving Hugging Face
2025-07-13 04:27:03,453 - INFO - Comprehensive automation report saved successfully
2025-07-13 04:27:03,454 - INFO - Comprehensive automation completed in 1.01s with 100.0% phase success rate
2025-07-13 04:27:03,457 - INFO - Cleaning up resources...
