2025-07-15 08:29:26,578 - INFO - File modified: .\logs\gitlab-ci-stats.json
2025-07-15 08:29:26,579 - INFO - Auto-triggering GitLab CI due to file changes
2025-07-15 08:29:26,583 - INFO - Running: Setup and dependencies
2025-07-15 08:35:25,499 - INFO - Running: Running all tests
2025-07-15 08:39:32,520 - INFO - Running: Setup and dependencies
2025-07-15 08:42:46,063 - INFO - Running: Building project
2025-07-15 08:45:38,086 - INFO - Running: Pushing to GitLab
2025-07-15 08:45:54,696 - INFO - Running: Deploying to GitLab
2025-07-15 08:45:55,642 - INFO - Running: Sending notifications
2025-07-15 08:45:56,425 - INFO - Running: Health checks
2025-07-15 08:45:57,935 - INFO - Running: Error recovery
2025-07-15 08:46:02,114 - INFO - File modified: .\logs\gitlab-ci-stats.json
2025-07-15 08:46:02,116 - INFO - Auto-triggering GitLab CI due to file changes
2025-07-15 08:46:02,204 - INFO - Running: Setup and dependencies
2025-07-15 08:49:17,209 - INFO - Running: Running all tests
2025-07-15 08:49:17,347 - INFO - Running: Running all tests
2025-07-15 09:50:16,188 - INFO - File modified: .\logs\gitlab-ci-stats.json
2025-07-15 09:50:16,416 - INFO - Auto-triggering GitLab CI due to file changes
2025-07-15 09:50:17,209 - INFO - Running: Setup and dependencies
2025-07-15 10:13:15,245 - INFO - File modified: .\logs\gitlab-ci-stats.json
2025-07-15 10:13:15,246 - INFO - Auto-triggering GitLab CI due to file changes
2025-07-15 10:13:15,670 - INFO - Running: Setup and dependencies
2025-07-15 10:15:48,803 - INFO - Running: Running all tests
