2025-07-14 13:16:18,231 - INFO - Starting QMOI Enhanced Master Automation...
2025-07-14 13:16:18,328 - INFO - Real-time monitoring started
2025-07-14 13:16:18,391 - INFO - Starting comprehensive error fixing...
2025-07-14 13:16:18,392 - INFO - Fixing NPM issues...
2025-07-14 13:16:18,392 - INFO - Running command: npm cache clean --force
2025-07-14 13:17:15,493 - ERROR - Command timeout: npm cache clean --force
2025-07-14 13:17:15,493 - INFO - Running command: rm -rf node_modules package-lock.json
2025-07-14 13:17:15,778 - WARNING - Command failed: rm -rf node_modules package-lock.json - 'rm' is not recognized as an internal or external command,
operable program or batch file.

2025-07-14 13:17:15,849 - INFO - Running command: npm install
2025-07-14 13:18:01,528 - ERROR - Command timeout: npm install
2025-07-14 13:18:01,528 - INFO - Running command: npm audit fix
2025-07-14 13:18:08,497 - WARNING - Command failed: npm audit fix - npm error code ERESOLVE
npm error ERESOLVE unable to resolve dependency tree
npm error
npm error While resolving: qmoi-alpha-ai@1.0.0
npm error Found: react@18.3.1
npm error node_modules/react
npm error   react@"^18.0.0" from the root project
npm error
npm error Could not resolve dependency:
npm error peer react@"^16.9.0 || ^17.0.0" from @testing-library/react-hooks@8.0.1
npm error node_modules/@testing-library/react-hooks
npm error   dev @testing-library/react-hooks@"^8.0.1" from the root project
npm error
npm error Fix the upstream dependency conflict, or retry
npm error this command with --force or --legacy-peer-deps
npm error to accept an incorrect (and potentially broken) dependency resolution.
npm error
npm error
npm error For a full report see:
npm error C:\Users\hp\AppData\Local\npm-cache\_logs\2025-07-14T10_18_02_237Z-eresolve-report.txt
npm error A complete log of this run can be found in: C:\Users\hp\AppData\Local\npm-cache\_logs\2025-07-14T10_18_02_237Z-debug-0.log

2025-07-14 13:18:08,618 - INFO - Running command: npm update
2025-07-14 13:19:01,870 - ERROR - Command timeout: npm update
2025-07-14 13:19:01,891 - INFO - Fixing build issues...
2025-07-14 13:19:01,891 - INFO - Running command: rm -rf build/ dist/ .next/
2025-07-14 13:19:02,072 - WARNING - Command failed: rm -rf build/ dist/ .next/ - 'rm' is not recognized as an internal or external command,
operable program or batch file.

2025-07-14 13:19:02,072 - INFO - Running command: npm run build
2025-07-14 13:19:11,318 - WARNING - Command failed: npm run build - unhandledRejection Error: Cannot find module 'caniuse-lite/dist/unpacker/agents'
Require stack:
- D:\applications\Alpha-Q-ai\node_modules\next\dist\compiled\browserslist\index.js
- D:\applications\Alpha-Q-ai\node_modules\next\dist\build\utils.js
- D:\applications\Alpha-Q-ai\node_modules\next\dist\build\entries.js
- D:\applications\Alpha-Q-ai\node_modules\next\dist\build\index.js
- D:\applications\Alpha-Q-ai\node_modules\next\dist\cli\next-build.js
    at Function.<anonymous> (node:internal/modules/cjs/loader:1401:15)
    at D:\applications\Alpha-Q-ai\node_modules\next\dist\server\require-hook.js:55:36
    at defaultResolveImpl (node:internal/modules/cjs/loader:1057:19)
    at resolveForCJSWithHooks (node:internal/modules/cjs/loader:1062:22)
    at Function._load (node:internal/modules/cjs/loader:1211:37)
    at TracingChannel.traceSync (node:diagnostics_channel:322:14)
    at wrapModuleLoad (node:internal/modules/cjs/loader:235:24)
    at Module.<anonymous> (node:internal/modules/cjs/loader:1487:12)
    at mod.require (D:\applications\Alpha-Q-ai\node_modules\next\dist\server\require-hook.js:65:28)
    at require (node:internal/modules/helpers:135:16) {
  code: 'MODULE_NOT_FOUND',
  requireStack: [
    'D:\\applications\\Alpha-Q-ai\\node_modules\\next\\dist\\compiled\\browserslist\\index.js',
    'D:\\applications\\Alpha-Q-ai\\node_modules\\next\\dist\\build\\utils.js',
    'D:\\applications\\Alpha-Q-ai\\node_modules\\next\\dist\\build\\entries.js',
    'D:\\applications\\Alpha-Q-ai\\node_modules\\next\\dist\\build\\index.js',
    'D:\\applications\\Alpha-Q-ai\\node_modules\\next\\dist\\cli\\next-build.js'
  ]
}

2025-07-14 13:19:11,319 - INFO - Running command: npm run build:prod
2025-07-14 13:19:11,941 - WARNING - Command failed: npm run build:prod - unhandledRejection Error: Cannot find module 'caniuse-lite/dist/unpacker/agents'
Require stack:
- D:\applications\Alpha-Q-ai\node_modules\next\dist\compiled\browserslist\index.js
- D:\applications\Alpha-Q-ai\node_modules\next\dist\build\utils.js
- D:\applications\Alpha-Q-ai\node_modules\next\dist\build\entries.js
- D:\applications\Alpha-Q-ai\node_modules\next\dist\build\index.js
- D:\applications\Alpha-Q-ai\node_modules\next\dist\cli\next-build.js
    at Function.<anonymous> (node:internal/modules/cjs/loader:1401:15)
    at D:\applications\Alpha-Q-ai\node_modules\next\dist\server\require-hook.js:55:36
    at defaultResolveImpl (node:internal/modules/cjs/loader:1057:19)
    at resolveForCJSWithHooks (node:internal/modules/cjs/loader:1062:22)
    at Function._load (node:internal/modules/cjs/loader:1211:37)
    at TracingChannel.traceSync (node:diagnostics_channel:322:14)
    at wrapModuleLoad (node:internal/modules/cjs/loader:235:24)
    at Module.<anonymous> (node:internal/modules/cjs/loader:1487:12)
    at mod.require (D:\applications\Alpha-Q-ai\node_modules\next\dist\server\require-hook.js:65:28)
    at require (node:internal/modules/helpers:135:16) {
  code: 'MODULE_NOT_FOUND',
  requireStack: [
    'D:\\applications\\Alpha-Q-ai\\node_modules\\next\\dist\\compiled\\browserslist\\index.js',
    'D:\\applications\\Alpha-Q-ai\\node_modules\\next\\dist\\build\\utils.js',
    'D:\\applications\\Alpha-Q-ai\\node_modules\\next\\dist\\build\\entries.js',
    'D:\\applications\\Alpha-Q-ai\\node_modules\\next\\dist\\build\\index.js',
    'D:\\applications\\Alpha-Q-ai\\node_modules\\next\\dist\\cli\\next-build.js'
  ]
}

2025-07-14 13:19:11,941 - INFO - Running command: npm run build:optimize
2025-07-14 13:19:12,467 - WARNING - Command failed: npm run build:optimize - node:internal/modules/cjs/loader:1404
  throw err;
  ^

Error: Cannot find module 'D:\applications\Alpha-Q-ai\scripts\build-optimizer.js'
    at Function._resolveFilename (node:internal/modules/cjs/loader:1401:15)
    at defaultResolveImpl (node:internal/modules/cjs/loader:1057:19)
    at resolveForCJSWithHooks (node:internal/modules/cjs/loader:1062:22)
    at Function._load (node:internal/modules/cjs/loader:1211:37)
    at TracingChannel.traceSync (node:diagnostics_channel:322:14)
    at wrapModuleLoad (node:internal/modules/cjs/loader:235:24)
    at Function.executeUserEntryPoint [as runMain] (node:internal/modules/run_main:171:5)
    at node:internal/main/run_main_module:36:49 {
  code: 'MODULE_NOT_FOUND',
  requireStack: []
}

Node.js v22.16.0

2025-07-14 13:19:12,468 - INFO - Fixing test issues...
2025-07-14 13:19:12,468 - INFO - Running command: rm -rf coverage/ test-results/
2025-07-14 13:19:12,489 - WARNING - Command failed: rm -rf coverage/ test-results/ - 'rm' is not recognized as an internal or external command,
operable program or batch file.

2025-07-14 13:19:12,489 - INFO - Running command: npm test
2025-07-14 13:19:13,230 - WARNING - Command failed: npm test - node:internal/modules/cjs/loader:1404
  throw err;
  ^

Error: Cannot find module 'D:\applications\Alpha-Q-ai\node_modules\jest\bin\jest.js'
    at Function._resolveFilename (node:internal/modules/cjs/loader:1401:15)
    at defaultResolveImpl (node:internal/modules/cjs/loader:1057:19)
    at resolveForCJSWithHooks (node:internal/modules/cjs/loader:1062:22)
    at Function._load (node:internal/modules/cjs/loader:1211:37)
    at TracingChannel.traceSync (node:diagnostics_channel:322:14)
    at wrapModuleLoad (node:internal/modules/cjs/loader:235:24)
    at Function.executeUserEntryPoint [as runMain] (node:internal/modules/run_main:171:5)
    at node:internal/main/run_main_module:36:49 {
  code: 'MODULE_NOT_FOUND',
  requireStack: []
}

Node.js v22.16.0

2025-07-14 13:19:13,231 - INFO - Running command: npm run test:coverage
2025-07-14 13:19:13,938 - WARNING - Command failed: npm run test:coverage - node:internal/modules/cjs/loader:1404
  throw err;
  ^

Error: Cannot find module 'D:\applications\Alpha-Q-ai\node_modules\jest\bin\jest.js'
    at Function._resolveFilename (node:internal/modules/cjs/loader:1401:15)
    at defaultResolveImpl (node:internal/modules/cjs/loader:1057:19)
    at resolveForCJSWithHooks (node:internal/modules/cjs/loader:1062:22)
    at Function._load (node:internal/modules/cjs/loader:1211:37)
    at TracingChannel.traceSync (node:diagnostics_channel:322:14)
    at wrapModuleLoad (node:internal/modules/cjs/loader:235:24)
    at Function.executeUserEntryPoint [as runMain] (node:internal/modules/run_main:171:5)
    at node:internal/main/run_main_module:36:49 {
  code: 'MODULE_NOT_FOUND',
  requireStack: []
}

Node.js v22.16.0

2025-07-14 13:19:13,939 - INFO - Running command: npm run test:ui
2025-07-14 13:19:14,754 - WARNING - Command failed: npm run test:ui - node:internal/modules/cjs/loader:1404
  throw err;
  ^

Error: Cannot find module 'D:\applications\Alpha-Q-ai\node_modules\playwright\cli.js'
    at Function._resolveFilename (node:internal/modules/cjs/loader:1401:15)
    at defaultResolveImpl (node:internal/modules/cjs/loader:1057:19)
    at resolveForCJSWithHooks (node:internal/modules/cjs/loader:1062:22)
    at Function._load (node:internal/modules/cjs/loader:1211:37)
    at TracingChannel.traceSync (node:diagnostics_channel:322:14)
    at wrapModuleLoad (node:internal/modules/cjs/loader:235:24)
    at Function.executeUserEntryPoint [as runMain] (node:internal/modules/run_main:171:5)
    at node:internal/main/run_main_module:36:49 {
  code: 'MODULE_NOT_FOUND',
  requireStack: []
}

Node.js v22.16.0

2025-07-14 13:19:14,754 - INFO - Running command: npm run test:e2e
2025-07-14 13:19:15,348 - WARNING - Command failed: npm run test:e2e - node:internal/modules/cjs/loader:1404
  throw err;
  ^

Error: Cannot find module 'D:\applications\Alpha-Q-ai\node_modules\cypress\bin\cypress'
    at Function._resolveFilename (node:internal/modules/cjs/loader:1401:15)
    at defaultResolveImpl (node:internal/modules/cjs/loader:1057:19)
    at resolveForCJSWithHooks (node:internal/modules/cjs/loader:1062:22)
    at Function._load (node:internal/modules/cjs/loader:1211:37)
    at TracingChannel.traceSync (node:diagnostics_channel:322:14)
    at wrapModuleLoad (node:internal/modules/cjs/loader:235:24)
    at Function.executeUserEntryPoint [as runMain] (node:internal/modules/run_main:171:5)
    at node:internal/main/run_main_module:36:49 {
  code: 'MODULE_NOT_FOUND',
  requireStack: []
}

Node.js v22.16.0

2025-07-14 13:19:15,349 - INFO - Fixing Git issues...
2025-07-14 13:19:15,349 - INFO - Running command: git config --global user.name 'QMOI Automation'
2025-07-14 13:19:17,098 - INFO - Command successful: git config --global user.name 'QMOI Automation'
2025-07-14 13:19:17,098 - INFO - Running command: git config --global user.email 'qmoi-automation@gitlab.com'
2025-07-14 13:19:17,267 - INFO - Command successful: git config --global user.email 'qmoi-automation@gitlab.com'
2025-07-14 13:19:17,268 - INFO - Running command: git add .
2025-07-14 13:19:22,390 - INFO - Command successful: git add .
2025-07-14 13:19:22,390 - INFO - Running command: git commit -m 'QMOI Auto-fix: $(date)'
2025-07-14 13:19:30,988 - WARNING - Command failed: git commit -m 'QMOI Auto-fix: $(date)' - error: pathspec 'Auto-fix:' did not match any file(s) known to git
error: pathspec '$(date)'' did not match any file(s) known to git

2025-07-14 13:19:30,988 - INFO - Running command: git push origin main
2025-07-14 13:19:54,249 - INFO - Command successful: git push origin main
2025-07-14 13:19:54,250 - INFO - Fixing environment issues...
2025-07-14 13:19:54,277 - INFO - Fixing script issues...
2025-07-14 13:19:56,184 - INFO - Fixing configuration issues...
2025-07-14 13:19:56,295 - ERROR - Could not fix tsconfig.json: Expecting ',' delimiter: line 73 column 5 (char 1390)
2025-07-14 13:19:56,336 - INFO - Fixing JSON files...
2025-07-14 13:19:56,348 - ERROR - Could not fix tsconfig.json: Expecting ',' delimiter: line 73 column 5 (char 1390)
2025-07-14 13:19:56,357 - ERROR - Could not fix .gitlab-ci.yml: Expecting value: line 1 column 1 (char 0)
2025-07-14 13:19:59,467 - INFO - Fixing security issues...
2025-07-14 13:19:59,467 - INFO - Running command: npm audit fix
2025-07-14 13:20:07,171 - WARNING - Command failed: npm audit fix - npm error code ERESOLVE
npm error ERESOLVE unable to resolve dependency tree
npm error
npm error While resolving: qmoi-alpha-ai@1.0.0
npm error Found: react@18.3.1
npm error node_modules/react
npm error   react@"^18.0.0" from the root project
npm error
npm error Could not resolve dependency:
npm error peer react@"^16.9.0 || ^17.0.0" from @testing-library/react-hooks@8.0.1
npm error node_modules/@testing-library/react-hooks
npm error   dev @testing-library/react-hooks@"^8.0.1" from the root project
npm error
npm error Fix the upstream dependency conflict, or retry
npm error this command with --force or --legacy-peer-deps
npm error to accept an incorrect (and potentially broken) dependency resolution.
npm error
npm error
npm error For a full report see:
npm error C:\Users\hp\AppData\Local\npm-cache\_logs\2025-07-14T10_20_01_071Z-eresolve-report.txt
npm error A complete log of this run can be found in: C:\Users\hp\AppData\Local\npm-cache\_logs\2025-07-14T10_20_01_071Z-debug-0.log

2025-07-14 13:20:07,171 - INFO - Running command: npm audit fix --force
2025-07-14 13:25:55,432 - ERROR - Command timeout: npm audit fix --force
2025-07-14 13:25:55,433 - INFO - Running command: npm run security:scan
2025-07-14 13:25:56,602 - WARNING - Command failed: npm run security:scan - node:internal/modules/cjs/loader:1404
  throw err;
  ^

Error: Cannot find module 'D:\applications\Alpha-Q-ai\scripts\security-scan.js'
    at Function._resolveFilename (node:internal/modules/cjs/loader:1401:15)
    at defaultResolveImpl (node:internal/modules/cjs/loader:1057:19)
    at resolveForCJSWithHooks (node:internal/modules/cjs/loader:1062:22)
    at Function._load (node:internal/modules/cjs/loader:1211:37)
    at TracingChannel.traceSync (node:diagnostics_channel:322:14)
    at wrapModuleLoad (node:internal/modules/cjs/loader:235:24)
    at Function.executeUserEntryPoint [as runMain] (node:internal/modules/run_main:171:5)
    at node:internal/main/run_main_module:36:49 {
  code: 'MODULE_NOT_FOUND',
  requireStack: []
}

Node.js v22.16.0

2025-07-14 13:25:56,602 - INFO - Running command: npm run lint:fix
2025-07-14 13:25:57,035 - WARNING - Command failed: npm run lint:fix - 'eslint' is not recognized as an internal or external command,
operable program or batch file.

2025-07-14 13:25:57,036 - INFO - Fixing performance issues...
2025-07-14 13:25:57,036 - INFO - Running command: npm run build:optimize
2025-07-14 13:25:57,471 - WARNING - Command failed: npm run build:optimize - node:internal/modules/cjs/loader:1404
  throw err;
  ^

Error: Cannot find module 'D:\applications\Alpha-Q-ai\scripts\build-optimizer.js'
    at Function._resolveFilename (node:internal/modules/cjs/loader:1401:15)
    at defaultResolveImpl (node:internal/modules/cjs/loader:1057:19)
    at resolveForCJSWithHooks (node:internal/modules/cjs/loader:1062:22)
    at Function._load (node:internal/modules/cjs/loader:1211:37)
    at TracingChannel.traceSync (node:diagnostics_channel:322:14)
    at wrapModuleLoad (node:internal/modules/cjs/loader:235:24)
    at Function.executeUserEntryPoint [as runMain] (node:internal/modules/run_main:171:5)
    at node:internal/main/run_main_module:36:49 {
  code: 'MODULE_NOT_FOUND',
  requireStack: []
}

Node.js v22.16.0

2025-07-14 13:25:57,472 - INFO - Running command: npm run test:performance
2025-07-14 13:25:58,171 - WARNING - Command failed: npm run test:performance - node:internal/modules/cjs/loader:1404
  throw err;
  ^

Error: Cannot find module 'D:\applications\Alpha-Q-ai\scripts\performance-test.js'
    at Function._resolveFilename (node:internal/modules/cjs/loader:1401:15)
    at defaultResolveImpl (node:internal/modules/cjs/loader:1057:19)
    at resolveForCJSWithHooks (node:internal/modules/cjs/loader:1062:22)
    at Function._load (node:internal/modules/cjs/loader:1211:37)
    at TracingChannel.traceSync (node:diagnostics_channel:322:14)
    at wrapModuleLoad (node:internal/modules/cjs/loader:235:24)
    at Function.executeUserEntryPoint [as runMain] (node:internal/modules/run_main:171:5)
    at node:internal/main/run_main_module:36:49 {
  code: 'MODULE_NOT_FOUND',
  requireStack: []
}

Node.js v22.16.0

2025-07-14 13:25:59,810 - INFO - Running command: npm run lighthouse:test
2025-07-14 13:26:00,177 - WARNING - Command failed: npm run lighthouse:test - node:internal/modules/cjs/loader:1404
  throw err;
  ^

Error: Cannot find module 'D:\applications\Alpha-Q-ai\scripts\lighthouse-test.js'
    at Function._resolveFilename (node:internal/modules/cjs/loader:1401:15)
    at defaultResolveImpl (node:internal/modules/cjs/loader:1057:19)
    at resolveForCJSWithHooks (node:internal/modules/cjs/loader:1062:22)
    at Function._load (node:internal/modules/cjs/loader:1211:37)
    at TracingChannel.traceSync (node:diagnostics_channel:322:14)
    at wrapModuleLoad (node:internal/modules/cjs/loader:235:24)
    at Function.executeUserEntryPoint [as runMain] (node:internal/modules/run_main:171:5)
    at node:internal/main/run_main_module:36:49 {
  code: 'MODULE_NOT_FOUND',
  requireStack: []
}

Node.js v22.16.0

2025-07-14 13:26:00,178 - INFO - Fixing dependency issues...
2025-07-14 13:26:00,178 - INFO - Running command: npm outdated
2025-07-14 13:26:28,870 - INFO - Automation interrupted by user
2025-07-14 19:46:06,599 - INFO - Starting QMOI Enhanced Master Automation...
2025-07-14 19:46:06,700 - INFO - Real-time monitoring started
2025-07-14 19:46:06,700 - INFO - Starting comprehensive error fixing...
2025-07-14 19:46:06,703 - INFO - Fixing NPM issues...
2025-07-14 19:46:06,704 - INFO - Running command: npm cache clean --force
2025-07-14 19:46:37,061 - ERROR - Command timeout: npm cache clean --force
2025-07-14 19:46:37,061 - INFO - Running command: rm -rf node_modules package-lock.json
2025-07-14 19:46:37,233 - WARNING - Command failed: rm -rf node_modules package-lock.json - 'rm' is not recognized as an internal or external command,
operable program or batch file.

2025-07-14 19:46:37,233 - INFO - Running command: npm install
2025-07-14 19:47:44,149 - ERROR - Command timeout: npm install
2025-07-14 19:47:44,149 - INFO - Running command: npm audit fix
2025-07-14 19:47:53,751 - WARNING - Command failed: npm audit fix - npm error code ERESOLVE
npm error ERESOLVE could not resolve
npm error
npm error While resolving: @testing-library/react-hooks@8.0.1
npm error Found: @types/react@18.3.23
npm error node_modules/@types/react
npm error   dev @types/react@"^18.0.0" from the root project
npm error   peerOptional @types/react@"*" from @radix-ui/react-collection@1.1.7
npm error   node_modules/@radix-ui/react-collection
npm error     @radix-ui/react-collection@"1.1.7" from @radix-ui/react-roving-focus@1.1.10
npm error     node_modules/@radix-ui/react-roving-focus
npm error       @radix-ui/react-roving-focus@"1.1.10" from @radix-ui/react-tabs@1.1.12
npm error       node_modules/@radix-ui/react-tabs
npm error         @radix-ui/react-tabs@"^1.1.12" from the root project
npm error   25 more (@radix-ui/react-compose-refs, ...)
npm error
npm error Could not resolve dependency:
npm error peerOptional @types/react@"^16.9.0 || ^17.0.0" from @testing-library/react-hooks@8.0.1
npm error node_modules/@testing-library/react-hooks
npm error   dev @testing-library/react-hooks@"^8.0.1" from the root project
npm error
npm error Conflicting peer dependency: @types/react@17.0.87
npm error node_modules/@types/react
npm error   peerOptional @types/react@"^16.9.0 || ^17.0.0" from @testing-library/react-hooks@8.0.1
npm error   node_modules/@testing-library/react-hooks
npm error     dev @testing-library/react-hooks@"^8.0.1" from the root project
npm error
npm error Fix the upstream dependency conflict, or retry
npm error this command with --force or --legacy-peer-deps
npm error to accept an incorrect (and potentially broken) dependency resolution.
npm error
npm error
npm error For a full report see:
npm error C:\Users\hp\AppData\Local\npm-cache\_logs\2025-07-14T16_47_44_430Z-eresolve-report.txt
npm error A complete log of this run can be found in: C:\Users\hp\AppData\Local\npm-cache\_logs\2025-07-14T16_47_44_430Z-debug-0.log

2025-07-14 19:47:53,764 - INFO - Running command: npm update
2025-07-14 19:50:40,306 - ERROR - Command timeout: npm update
2025-07-14 19:50:40,330 - INFO - Fixing build issues...
2025-07-14 19:50:40,330 - INFO - Running command: rm -rf build/ dist/ .next/
2025-07-14 19:50:40,396 - WARNING - Command failed: rm -rf build/ dist/ .next/ - 'rm' is not recognized as an internal or external command,
operable program or batch file.

2025-07-14 19:50:40,397 - INFO - Running command: npm run build
2025-07-14 19:51:32,687 - ERROR - Command timeout: npm run build
2025-07-14 19:51:32,688 - INFO - Running command: npm run build:prod
2025-07-14 19:51:38,561 - WARNING - Command failed: npm run build:prod - Failed to compile.

./src/components/q-city/AviatorGalleryPanel.tsx
Module not found: Can't resolve '@/components/ui/use-toast'

https://nextjs.org/docs/messages/module-not-found

Import trace for requested module:
./src/components/q-city/Dashboard.tsx
./src/pages/dashboard.tsx

./src/components/q-city/PluginPanel.tsx
Module not found: Can't resolve '@/components/ui/use-toast'

https://nextjs.org/docs/messages/module-not-found

Import trace for requested module:
./src/components/q-city/Dashboard.tsx
./src/pages/dashboard.tsx

./app/page.tsx
Module not found: Can't resolve '@/components/alpha-q-ai-system'

https://nextjs.org/docs/messages/module-not-found

./app/page.tsx
Module not found: Can't resolve '@/components/Chatbot'

https://nextjs.org/docs/messages/module-not-found

./app/page.tsx
Module not found: Can't resolve '@/components/FileExplorer'

https://nextjs.org/docs/messages/module-not-found


> Build failed because of webpack errors

2025-07-14 19:51:38,562 - INFO - Running command: npm run build:optimize
2025-07-14 19:51:39,007 - WARNING - Command failed: npm run build:optimize - node:internal/modules/cjs/loader:1404
  throw err;
  ^

Error: Cannot find module 'D:\applications\Alpha-Q-ai\scripts\build-optimizer.js'
    at Function._resolveFilename (node:internal/modules/cjs/loader:1401:15)
    at defaultResolveImpl (node:internal/modules/cjs/loader:1057:19)
    at resolveForCJSWithHooks (node:internal/modules/cjs/loader:1062:22)
    at Function._load (node:internal/modules/cjs/loader:1211:37)
    at TracingChannel.traceSync (node:diagnostics_channel:322:14)
    at wrapModuleLoad (node:internal/modules/cjs/loader:235:24)
    at Function.executeUserEntryPoint [as runMain] (node:internal/modules/run_main:171:5)
    at node:internal/main/run_main_module:36:49 {
  code: 'MODULE_NOT_FOUND',
  requireStack: []
}

Node.js v22.16.0

2025-07-14 19:51:39,008 - INFO - Fixing test issues...
2025-07-14 19:51:39,008 - INFO - Running command: rm -rf coverage/ test-results/
2025-07-14 19:51:39,028 - WARNING - Command failed: rm -rf coverage/ test-results/ - 'rm' is not recognized as an internal or external command,
operable program or batch file.

2025-07-14 19:51:39,028 - INFO - Running command: npm test
2025-07-14 19:51:39,516 - WARNING - Command failed: npm test - 'jest' is not recognized as an internal or external command,
operable program or batch file.

2025-07-14 19:51:39,516 - INFO - Running command: npm run test:coverage
2025-07-14 19:51:41,160 - WARNING - Command failed: npm run test:coverage - 'jest' is not recognized as an internal or external command,
operable program or batch file.

2025-07-14 19:51:41,160 - INFO - Running command: npm run test:ui
2025-07-14 19:51:41,716 - WARNING - Command failed: npm run test:ui - 'playwright' is not recognized as an internal or external command,
operable program or batch file.

2025-07-14 19:51:41,716 - INFO - Running command: npm run test:e2e
2025-07-14 19:51:42,050 - WARNING - Command failed: npm run test:e2e - 'cypress' is not recognized as an internal or external command,
operable program or batch file.

2025-07-14 19:51:42,051 - INFO - Fixing Git issues...
2025-07-14 19:51:42,051 - INFO - Running command: git config --global user.name 'QMOI Automation'
2025-07-14 19:51:42,186 - INFO - Command successful: git config --global user.name 'QMOI Automation'
2025-07-14 19:51:42,187 - INFO - Running command: git config --global user.email 'qmoi-automation@gitlab.com'
2025-07-14 19:51:42,281 - INFO - Command successful: git config --global user.email 'qmoi-automation@gitlab.com'
2025-07-14 19:51:42,281 - INFO - Running command: git add .
2025-07-14 19:51:46,550 - INFO - Command successful: git add .
2025-07-14 19:51:46,550 - INFO - Running command: git commit -m 'QMOI Auto-fix: $(date)'
2025-07-14 19:51:47,495 - WARNING - Command failed: git commit -m 'QMOI Auto-fix: $(date)' - error: pathspec 'Auto-fix:' did not match any file(s) known to git
error: pathspec '$(date)'' did not match any file(s) known to git

2025-07-14 19:51:47,495 - INFO - Running command: git push origin main
2025-07-14 19:52:32,566 - ERROR - Command timeout: git push origin main
2025-07-14 19:52:32,567 - INFO - Fixing environment issues...
2025-07-14 19:52:32,574 - INFO - Fixing script issues...
2025-07-14 19:52:33,186 - INFO - Fixing configuration issues...
2025-07-14 19:52:33,197 - ERROR - Could not fix tsconfig.json: Expecting ',' delimiter: line 73 column 5 (char 1390)
2025-07-14 19:52:33,198 - INFO - Fixing JSON files...
2025-07-14 19:52:33,201 - ERROR - Could not fix tsconfig.json: Expecting ',' delimiter: line 73 column 5 (char 1390)
2025-07-14 19:52:33,202 - ERROR - Could not fix .gitlab-ci.yml: Expecting value: line 1 column 1 (char 0)
2025-07-14 19:52:35,184 - INFO - Fixing security issues...
2025-07-14 19:52:35,185 - INFO - Running command: npm audit fix
2025-07-14 19:52:41,469 - WARNING - Command failed: npm audit fix - npm error code ERESOLVE
npm error ERESOLVE could not resolve
npm error
npm error While resolving: @testing-library/react-hooks@8.0.1
npm error Found: @types/react@18.3.23
npm error node_modules/@types/react
npm error   dev @types/react@"^18.0.0" from the root project
npm error   peerOptional @types/react@"*" from @radix-ui/react-collection@1.1.7
npm error   node_modules/@radix-ui/react-collection
npm error     @radix-ui/react-collection@"1.1.7" from @radix-ui/react-roving-focus@1.1.10
npm error     node_modules/@radix-ui/react-roving-focus
npm error       @radix-ui/react-roving-focus@"1.1.10" from @radix-ui/react-tabs@1.1.12
npm error       node_modules/@radix-ui/react-tabs
npm error         @radix-ui/react-tabs@"^1.1.12" from the root project
npm error   25 more (@radix-ui/react-compose-refs, ...)
npm error
npm error Could not resolve dependency:
npm error peerOptional @types/react@"^16.9.0 || ^17.0.0" from @testing-library/react-hooks@8.0.1
npm error node_modules/@testing-library/react-hooks
npm error   dev @testing-library/react-hooks@"^8.0.1" from the root project
npm error
npm error Conflicting peer dependency: @types/react@17.0.87
npm error node_modules/@types/react
npm error   peerOptional @types/react@"^16.9.0 || ^17.0.0" from @testing-library/react-hooks@8.0.1
npm error   node_modules/@testing-library/react-hooks
npm error     dev @testing-library/react-hooks@"^8.0.1" from the root project
npm error
npm error Fix the upstream dependency conflict, or retry
npm error this command with --force or --legacy-peer-deps
npm error to accept an incorrect (and potentially broken) dependency resolution.
npm error
npm error
npm error For a full report see:
npm error C:\Users\hp\AppData\Local\npm-cache\_logs\2025-07-14T16_52_35_330Z-eresolve-report.txt
npm error A complete log of this run can be found in: C:\Users\hp\AppData\Local\npm-cache\_logs\2025-07-14T16_52_35_330Z-debug-0.log

2025-07-14 19:52:41,470 - INFO - Running command: npm audit fix --force
2025-07-14 19:53:13,000 - ERROR - Command timeout: npm audit fix --force
2025-07-14 19:53:13,000 - INFO - Running command: npm run security:scan
2025-07-14 19:53:13,368 - WARNING - Command failed: npm run security:scan - node:internal/modules/cjs/loader:1404
  throw err;
  ^

Error: Cannot find module 'D:\applications\Alpha-Q-ai\scripts\security-scan.js'
    at Function._resolveFilename (node:internal/modules/cjs/loader:1401:15)
    at defaultResolveImpl (node:internal/modules/cjs/loader:1057:19)
    at resolveForCJSWithHooks (node:internal/modules/cjs/loader:1062:22)
    at Function._load (node:internal/modules/cjs/loader:1211:37)
    at TracingChannel.traceSync (node:diagnostics_channel:322:14)
    at wrapModuleLoad (node:internal/modules/cjs/loader:235:24)
    at Function.executeUserEntryPoint [as runMain] (node:internal/modules/run_main:171:5)
    at node:internal/main/run_main_module:36:49 {
  code: 'MODULE_NOT_FOUND',
  requireStack: []
}

Node.js v22.16.0

2025-07-14 19:53:13,368 - INFO - Running command: npm run lint:fix
2025-07-14 19:53:13,836 - WARNING - Command failed: npm run lint:fix - 'eslint' is not recognized as an internal or external command,
operable program or batch file.

2025-07-14 19:53:13,837 - INFO - Fixing performance issues...
2025-07-14 19:53:13,837 - INFO - Running command: npm run build:optimize
2025-07-14 19:53:14,228 - WARNING - Command failed: npm run build:optimize - node:internal/modules/cjs/loader:1404
  throw err;
  ^

Error: Cannot find module 'D:\applications\Alpha-Q-ai\scripts\build-optimizer.js'
    at Function._resolveFilename (node:internal/modules/cjs/loader:1401:15)
    at defaultResolveImpl (node:internal/modules/cjs/loader:1057:19)
    at resolveForCJSWithHooks (node:internal/modules/cjs/loader:1062:22)
    at Function._load (node:internal/modules/cjs/loader:1211:37)
    at TracingChannel.traceSync (node:diagnostics_channel:322:14)
    at wrapModuleLoad (node:internal/modules/cjs/loader:235:24)
    at Function.executeUserEntryPoint [as runMain] (node:internal/modules/run_main:171:5)
    at node:internal/main/run_main_module:36:49 {
  code: 'MODULE_NOT_FOUND',
  requireStack: []
}

Node.js v22.16.0

2025-07-14 19:53:14,229 - INFO - Running command: npm run test:performance
2025-07-14 19:53:14,591 - WARNING - Command failed: npm run test:performance - node:internal/modules/cjs/loader:1404
  throw err;
  ^

Error: Cannot find module 'D:\applications\Alpha-Q-ai\scripts\performance-test.js'
    at Function._resolveFilename (node:internal/modules/cjs/loader:1401:15)
    at defaultResolveImpl (node:internal/modules/cjs/loader:1057:19)
    at resolveForCJSWithHooks (node:internal/modules/cjs/loader:1062:22)
    at Function._load (node:internal/modules/cjs/loader:1211:37)
    at TracingChannel.traceSync (node:diagnostics_channel:322:14)
    at wrapModuleLoad (node:internal/modules/cjs/loader:235:24)
    at Function.executeUserEntryPoint [as runMain] (node:internal/modules/run_main:171:5)
    at node:internal/main/run_main_module:36:49 {
  code: 'MODULE_NOT_FOUND',
  requireStack: []
}

Node.js v22.16.0

2025-07-14 19:53:14,592 - INFO - Running command: npm run lighthouse:test
2025-07-14 19:53:14,951 - WARNING - Command failed: npm run lighthouse:test - node:internal/modules/cjs/loader:1404
  throw err;
  ^

Error: Cannot find module 'D:\applications\Alpha-Q-ai\scripts\lighthouse-test.js'
    at Function._resolveFilename (node:internal/modules/cjs/loader:1401:15)
    at defaultResolveImpl (node:internal/modules/cjs/loader:1057:19)
    at resolveForCJSWithHooks (node:internal/modules/cjs/loader:1062:22)
    at Function._load (node:internal/modules/cjs/loader:1211:37)
    at TracingChannel.traceSync (node:diagnostics_channel:322:14)
    at wrapModuleLoad (node:internal/modules/cjs/loader:235:24)
    at Function.executeUserEntryPoint [as runMain] (node:internal/modules/run_main:171:5)
    at node:internal/main/run_main_module:36:49 {
  code: 'MODULE_NOT_FOUND',
  requireStack: []
}

Node.js v22.16.0

2025-07-14 19:53:14,952 - INFO - Fixing dependency issues...
2025-07-14 19:53:14,952 - INFO - Running command: npm outdated
2025-07-14 19:53:26,321 - WARNING - Command failed: npm outdated - 
2025-07-14 19:53:26,322 - INFO - Running command: npm update
2025-07-14 19:53:32,946 - WARNING - Command failed: npm update - npm error code ERESOLVE
npm error ERESOLVE unable to resolve dependency tree
npm error
npm error While resolving: qmoi-alpha-ai@1.0.0
npm error Found: react@18.3.1
npm error node_modules/react
npm error   react@"^18.0.0" from the root project
npm error
npm error Could not resolve dependency:
npm error peer react@"^16.9.0 || ^17.0.0" from @testing-library/react-hooks@8.0.1
npm error node_modules/@testing-library/react-hooks
npm error   dev @testing-library/react-hooks@"^8.0.1" from the root project
npm error
npm error Fix the upstream dependency conflict, or retry
npm error this command with --force or --legacy-peer-deps
npm error to accept an incorrect (and potentially broken) dependency resolution.
npm error
npm error
npm error For a full report see:
npm error C:\Users\hp\AppData\Local\npm-cache\_logs\2025-07-14T16_53_26_467Z-eresolve-report.txt
npm error A complete log of this run can be found in: C:\Users\hp\AppData\Local\npm-cache\_logs\2025-07-14T16_53_26_467Z-debug-0.log

2025-07-14 19:53:32,946 - INFO - Running command: npm audit fix
2025-07-14 19:53:35,958 - WARNING - Command failed: npm audit fix - npm error code ERESOLVE
npm error ERESOLVE could not resolve
npm error
npm error While resolving: @testing-library/react-hooks@8.0.1
npm error Found: @types/react@18.3.23
npm error node_modules/@types/react
npm error   dev @types/react@"^18.0.0" from the root project
npm error   peerOptional @types/react@"*" from @radix-ui/react-collection@1.1.7
npm error   node_modules/@radix-ui/react-collection
npm error     @radix-ui/react-collection@"1.1.7" from @radix-ui/react-roving-focus@1.1.10
npm error     node_modules/@radix-ui/react-roving-focus
npm error       @radix-ui/react-roving-focus@"1.1.10" from @radix-ui/react-tabs@1.1.12
npm error       node_modules/@radix-ui/react-tabs
npm error         @radix-ui/react-tabs@"^1.1.12" from the root project
npm error   25 more (@radix-ui/react-compose-refs, ...)
npm error
npm error Could not resolve dependency:
npm error peerOptional @types/react@"^16.9.0 || ^17.0.0" from @testing-library/react-hooks@8.0.1
npm error node_modules/@testing-library/react-hooks
npm error   dev @testing-library/react-hooks@"^8.0.1" from the root project
npm error
npm error Conflicting peer dependency: @types/react@17.0.87
npm error node_modules/@types/react
npm error   peerOptional @types/react@"^16.9.0 || ^17.0.0" from @testing-library/react-hooks@8.0.1
npm error   node_modules/@testing-library/react-hooks
npm error     dev @testing-library/react-hooks@"^8.0.1" from the root project
npm error
npm error Fix the upstream dependency conflict, or retry
npm error this command with --force or --legacy-peer-deps
npm error to accept an incorrect (and potentially broken) dependency resolution.
npm error
npm error
npm error For a full report see:
npm error C:\Users\hp\AppData\Local\npm-cache\_logs\2025-07-14T16_53_33_099Z-eresolve-report.txt
npm error A complete log of this run can be found in: C:\Users\hp\AppData\Local\npm-cache\_logs\2025-07-14T16_53_33_099Z-debug-0.log

2025-07-14 19:53:35,958 - INFO - Running command: npm dedupe
2025-07-14 19:54:13,906 - ERROR - Command timeout: npm dedupe
2025-07-14 19:54:13,907 - INFO - Fixing platform issues...
2025-07-14 19:54:13,907 - INFO - Running command: npm run gitlab:fix
2025-07-14 19:54:16,406 - WARNING - Command failed: npm run gitlab:fix - D:\applications\Alpha-Q-ai\scripts\gitlab-automation.js:456
  const MAX_RETRIES = 3;
        ^^^^^^^^^^^

SyntaxError: Unexpected identifier 'MAX_RETRIES'
    at wrapSafe (node:internal/modules/cjs/loader:1662:18)
    at Module._compile (node:internal/modules/cjs/loader:1704:20)
    at Object..js (node:internal/modules/cjs/loader:1895:10)
    at Module.load (node:internal/modules/cjs/loader:1465:32)
    at Function._load (node:internal/modules/cjs/loader:1282:12)
    at TracingChannel.traceSync (node:diagnostics_channel:322:14)
    at wrapModuleLoad (node:internal/modules/cjs/loader:235:24)
    at Function.executeUserEntryPoint [as runMain] (node:internal/modules/run_main:171:5)
    at node:internal/main/run_main_module:36:49

Node.js v22.16.0

2025-07-14 19:54:16,406 - INFO - Running command: npm run github:fallback
2025-07-14 19:54:20,821 - WARNING - Command failed: npm run github:fallback - 
2025-07-14 19:54:20,822 - INFO - Running command: npm run vercel:auto-fix
2025-07-14 19:55:16,902 - ERROR - Command timeout: npm run vercel:auto-fix
2025-07-14 19:55:16,903 - INFO - Running command: npm run gitpod:notify
2025-07-14 19:55:17,695 - INFO - Command successful: npm run gitpod:notify
2025-07-14 19:55:17,695 - INFO - Running platform synchronization...
2025-07-14 19:55:17,696 - INFO - Running command: npm run gitlab:sync
2025-07-14 19:55:18,739 - WARNING - Command failed: npm run gitlab:sync - npm error Missing script: "gitlab:sync"
npm error
npm error Did you mean one of these?
npm error   npm run gitlab:push # run the "gitlab:push" package script
npm error   npm run gitlab:fix # run the "gitlab:fix" package script
npm error   npm run gitpod:sync # run the "gitpod:sync" package script
npm error
npm error To see a list of scripts, run:
npm error   npm run
npm error A complete log of this run can be found in: C:\Users\hp\AppData\Local\npm-cache\_logs\2025-07-14T16_55_17_838Z-debug-0.log

2025-07-14 19:55:18,740 - INFO - Running command: npm run github:sync
2025-07-14 19:55:19,010 - WARNING - Command failed: npm run github:sync - npm error Missing script: "github:sync"
npm error
npm error Did you mean one of these?
npm error   npm run gitpod:sync # run the "gitpod:sync" package script
npm error   npm run github:sync-to # run the "github:sync-to" package script
npm error   npm run github:setup # run the "github:setup" package script
npm error
npm error To see a list of scripts, run:
npm error   npm run
npm error A complete log of this run can be found in: C:\Users\hp\AppData\Local\npm-cache\_logs\2025-07-14T16_55_18_895Z-debug-0.log

2025-07-14 19:55:19,010 - INFO - Running command: npm run vercel:sync
2025-07-14 19:55:19,360 - WARNING - Command failed: npm run vercel:sync - npm error Missing script: "vercel:sync"
npm error
npm error To see a list of scripts, run:
npm error   npm run
npm error A complete log of this run can be found in: C:\Users\hp\AppData\Local\npm-cache\_logs\2025-07-14T16_55_19_164Z-debug-0.log

2025-07-14 19:55:19,360 - INFO - Running command: npm run gitpod:sync
2025-07-14 19:55:20,631 - WARNING - Command failed: npm run gitpod:sync - 
2025-07-14 19:55:20,632 - INFO - Running deployments...
2025-07-14 19:55:20,632 - INFO - Running command: npm run qmoi:deploy
2025-07-14 19:55:21,276 - WARNING - Command failed: npm run qmoi:deploy - D:\applications\Alpha-Q-ai\scripts\gitlab-automation.js:456
  const MAX_RETRIES = 3;
        ^^^^^^^^^^^

SyntaxError: Unexpected identifier 'MAX_RETRIES'
    at wrapSafe (node:internal/modules/cjs/loader:1662:18)
    at Module._compile (node:internal/modules/cjs/loader:1704:20)
    at Object..js (node:internal/modules/cjs/loader:1895:10)
    at Module.load (node:internal/modules/cjs/loader:1465:32)
    at Function._load (node:internal/modules/cjs/loader:1282:12)
    at TracingChannel.traceSync (node:diagnostics_channel:322:14)
    at wrapModuleLoad (node:internal/modules/cjs/loader:235:24)
    at Function.executeUserEntryPoint [as runMain] (node:internal/modules/run_main:171:5)
    at node:internal/main/run_main_module:36:49

Node.js v22.16.0

2025-07-14 19:55:21,276 - INFO - Running command: npm run gitlab:deploy
2025-07-14 19:55:21,650 - WARNING - Command failed: npm run gitlab:deploy - D:\applications\Alpha-Q-ai\scripts\gitlab-automation.js:456
  const MAX_RETRIES = 3;
        ^^^^^^^^^^^

SyntaxError: Unexpected identifier 'MAX_RETRIES'
    at wrapSafe (node:internal/modules/cjs/loader:1662:18)
    at Module._compile (node:internal/modules/cjs/loader:1704:20)
    at Object..js (node:internal/modules/cjs/loader:1895:10)
    at Module.load (node:internal/modules/cjs/loader:1465:32)
    at Function._load (node:internal/modules/cjs/loader:1282:12)
    at TracingChannel.traceSync (node:diagnostics_channel:322:14)
    at wrapModuleLoad (node:internal/modules/cjs/loader:235:24)
    at Function.executeUserEntryPoint [as runMain] (node:internal/modules/run_main:171:5)
    at node:internal/main/run_main_module:36:49

Node.js v22.16.0

2025-07-14 19:55:21,650 - INFO - Running command: npm run vercel:deploy
2025-07-14 19:55:21,917 - WARNING - Command failed: npm run vercel:deploy - npm error Missing script: "vercel:deploy"
npm error
npm error Did you mean this?
npm error   npm run docs:deploy # run the "docs:deploy" package script
npm error
npm error To see a list of scripts, run:
npm error   npm run
npm error A complete log of this run can be found in: C:\Users\hp\AppData\Local\npm-cache\_logs\2025-07-14T16_55_21_804Z-debug-0.log

2025-07-14 19:55:21,917 - INFO - Running notifications...
2025-07-14 19:55:21,918 - INFO - Running command: npm run qmoi:notify
2025-07-14 19:55:23,808 - WARNING - Command failed: npm run qmoi:notify - python: can't open file 'D:\\applications\\Alpha-Q-ai\\scripts\\qmoi-notifications.py': [Errno 2] No such file or directory

2025-07-14 19:55:23,808 - INFO - Running command: npm run gitlab:notify
2025-07-14 19:55:24,204 - WARNING - Command failed: npm run gitlab:notify - D:\applications\Alpha-Q-ai\scripts\gitlab-automation.js:456
  const MAX_RETRIES = 3;
        ^^^^^^^^^^^

SyntaxError: Unexpected identifier 'MAX_RETRIES'
    at wrapSafe (node:internal/modules/cjs/loader:1662:18)
    at Module._compile (node:internal/modules/cjs/loader:1704:20)
    at Object..js (node:internal/modules/cjs/loader:1895:10)
    at Module.load (node:internal/modules/cjs/loader:1465:32)
    at Function._load (node:internal/modules/cjs/loader:1282:12)
    at TracingChannel.traceSync (node:diagnostics_channel:322:14)
    at wrapModuleLoad (node:internal/modules/cjs/loader:235:24)
    at Function.executeUserEntryPoint [as runMain] (node:internal/modules/run_main:171:5)
    at node:internal/main/run_main_module:36:49

Node.js v22.16.0

2025-07-14 19:55:24,204 - INFO - Running command: npm run gitpod:notify
2025-07-14 19:55:24,577 - INFO - Command successful: npm run gitpod:notify
2025-07-14 19:55:24,577 - INFO - Running command: python scripts/qmoi-notifications.py
2025-07-14 19:55:24,637 - WARNING - Command failed: python scripts/qmoi-notifications.py - python: can't open file 'D:\\applications\\Alpha-Q-ai\\scripts\\qmoi-notifications.py': [Errno 2] No such file or directory

2025-07-14 19:55:24,638 - INFO - Running health checks...
2025-07-14 19:55:24,638 - INFO - Running command: npm run qmoi:health
2025-07-14 19:55:25,020 - WARNING - Command failed: npm run qmoi:health - python: can't open file 'D:\\applications\\Alpha-Q-ai\\scripts\\qmoi-health-monitor.py': [Errno 2] No such file or directory

2025-07-14 19:55:25,021 - INFO - Running command: npm run gitlab:health
2025-07-14 19:55:25,408 - WARNING - Command failed: npm run gitlab:health - D:\applications\Alpha-Q-ai\scripts\gitlab-automation.js:456
  const MAX_RETRIES = 3;
        ^^^^^^^^^^^

SyntaxError: Unexpected identifier 'MAX_RETRIES'
    at wrapSafe (node:internal/modules/cjs/loader:1662:18)
    at Module._compile (node:internal/modules/cjs/loader:1704:20)
    at Object..js (node:internal/modules/cjs/loader:1895:10)
    at Module.load (node:internal/modules/cjs/loader:1465:32)
    at Function._load (node:internal/modules/cjs/loader:1282:12)
    at TracingChannel.traceSync (node:diagnostics_channel:322:14)
    at wrapModuleLoad (node:internal/modules/cjs/loader:235:24)
    at Function.executeUserEntryPoint [as runMain] (node:internal/modules/run_main:171:5)
    at node:internal/main/run_main_module:36:49

Node.js v22.16.0

2025-07-14 19:55:25,408 - INFO - Running command: python scripts/qmoi-health-monitor.py
2025-07-14 19:55:25,468 - WARNING - Command failed: python scripts/qmoi-health-monitor.py - python: can't open file 'D:\\applications\\Alpha-Q-ai\\scripts\\qmoi-health-monitor.py': [Errno 2] No such file or directory

2025-07-14 19:55:25,468 - INFO - Running performance optimization...
2025-07-14 19:55:25,469 - INFO - Running command: npm run build:optimize
2025-07-14 19:55:25,838 - WARNING - Command failed: npm run build:optimize - node:internal/modules/cjs/loader:1404
  throw err;
  ^

Error: Cannot find module 'D:\applications\Alpha-Q-ai\scripts\build-optimizer.js'
    at Function._resolveFilename (node:internal/modules/cjs/loader:1401:15)
    at defaultResolveImpl (node:internal/modules/cjs/loader:1057:19)
    at resolveForCJSWithHooks (node:internal/modules/cjs/loader:1062:22)
    at Function._load (node:internal/modules/cjs/loader:1211:37)
    at TracingChannel.traceSync (node:diagnostics_channel:322:14)
    at wrapModuleLoad (node:internal/modules/cjs/loader:235:24)
    at Function.executeUserEntryPoint [as runMain] (node:internal/modules/run_main:171:5)
    at node:internal/main/run_main_module:36:49 {
  code: 'MODULE_NOT_FOUND',
  requireStack: []
}

Node.js v22.16.0

2025-07-14 19:55:25,838 - INFO - Running command: npm run test:performance
2025-07-14 19:55:26,226 - WARNING - Command failed: npm run test:performance - node:internal/modules/cjs/loader:1404
  throw err;
  ^

Error: Cannot find module 'D:\applications\Alpha-Q-ai\scripts\performance-test.js'
    at Function._resolveFilename (node:internal/modules/cjs/loader:1401:15)
    at defaultResolveImpl (node:internal/modules/cjs/loader:1057:19)
    at resolveForCJSWithHooks (node:internal/modules/cjs/loader:1062:22)
    at Function._load (node:internal/modules/cjs/loader:1211:37)
    at TracingChannel.traceSync (node:diagnostics_channel:322:14)
    at wrapModuleLoad (node:internal/modules/cjs/loader:235:24)
    at Function.executeUserEntryPoint [as runMain] (node:internal/modules/run_main:171:5)
    at node:internal/main/run_main_module:36:49 {
  code: 'MODULE_NOT_FOUND',
  requireStack: []
}

Node.js v22.16.0

2025-07-14 19:55:26,226 - INFO - Running command: python scripts/qmoi-performance-optimizer.py
2025-07-14 20:00:48,168 - ERROR - Command timeout: python scripts/qmoi-performance-optimizer.py
2025-07-14 20:00:48,169 - INFO - Generating auto-evolution suggestions...
2025-07-14 20:00:48,170 - INFO - Creating comprehensive report...
2025-07-14 20:04:16,644 - INFO - QMOI Enhanced Master Automation completed successfully!
