[2025-06-27T01:59:10.377Z] Starting QMOI Enhanced Auto-Deploy...
[2025-06-27T01:59:10.401Z] Vercel environment detected, deploying to Vercel...
[2025-06-27T01:59:10.402Z] Starting Vercel deployment...
[2025-06-27T02:01:49.880Z] Cache clear failed, continuing...
[2025-06-27T02:01:49.880Z] Executing: npx vercel --prod --yes --force
[2025-06-27T02:02:09.553Z] Vercel deployment failed: Command failed: npx vercel --prod --yes --force
[2025-06-27T02:02:09.554Z] Vercel deployment failed, attempt 1/5
[2025-06-27T02:02:09.554Z] Attempting AI-driven error fix...
[2025-06-27T02:02:09.555Z] Auto-fix completed.
[2025-06-27T02:02:27.804Z] Auto-committed and pushed fixes.
[2025-06-27T02:02:27.805Z] Waiting 30 seconds before retry...
[2025-06-27T02:02:57.882Z] Starting Vercel deployment...
[2025-06-27T02:03:01.620Z] Cache clear failed, continuing...
[2025-06-27T02:03:01.621Z] Executing: npx vercel --prod --yes --force
[2025-06-27T02:03:09.608Z] Vercel deployment failed: Command failed: npx vercel --prod --yes --force
[2025-06-27T02:03:09.609Z] Vercel deployment failed, attempt 2/5
[2025-06-27T02:03:09.612Z] Attempting AI-driven error fix...
[2025-06-27T02:03:09.613Z] Auto-fix completed.
[2025-06-27T02:03:26.177Z] Auto-committed and pushed fixes.
[2025-06-27T02:03:26.178Z] Waiting 30 seconds before retry...
[2025-06-27T02:03:56.190Z] Starting Vercel deployment...
[2025-06-27T02:03:59.382Z] Cache clear failed, continuing...
[2025-06-27T02:03:59.383Z] Executing: npx vercel --prod --yes --force
[2025-06-27T02:04:06.205Z] Vercel deployment failed: Command failed: npx vercel --prod --yes --force
[2025-06-27T02:04:06.206Z] Vercel deployment failed, attempt 3/5
[2025-06-27T02:04:06.207Z] Attempting AI-driven error fix...
[2025-06-27T02:04:06.207Z] Auto-fix completed.
[2025-06-27T02:04:17.410Z] Auto-committed and pushed fixes.
[2025-06-27T02:04:17.411Z] Waiting 30 seconds before retry...
[2025-06-27T02:04:47.423Z] Starting Vercel deployment...
[2025-06-27T02:04:50.606Z] Cache clear failed, continuing...
[2025-06-27T02:04:50.606Z] Executing: npx vercel --prod --yes --force
[2025-06-27T02:05:00.239Z] Vercel deployment failed: Command failed: npx vercel --prod --yes --force
[2025-06-27T02:05:00.240Z] Vercel deployment failed, attempt 4/5
[2025-06-27T02:05:00.241Z] Attempting AI-driven error fix...
[2025-06-27T02:05:00.241Z] Auto-fix completed.
[2025-06-27T02:05:10.079Z] Auto-committed and pushed fixes.
[2025-06-27T02:05:10.079Z] Waiting 30 seconds before retry...
[2025-06-27T02:05:40.081Z] Starting Vercel deployment...
[2025-06-27T02:05:43.291Z] Cache clear failed, continuing...
[2025-06-27T02:05:43.293Z] Executing: npx vercel --prod --yes --force
[2025-06-27T02:05:49.354Z] Vercel deployment failed: Command failed: npx vercel --prod --yes --force
[2025-06-27T02:05:49.355Z] Vercel deployment failed, attempt 5/5
[2025-06-27T02:05:49.357Z] Attempting AI-driven error fix...
[2025-06-27T02:05:49.358Z] Auto-fix completed.
[2025-06-27T02:06:00.152Z] Auto-committed and pushed fixes.
[2025-06-27T02:06:00.153Z] Starting Vercel deployment...
[2025-06-27T02:06:03.533Z] Cache clear failed, continuing...
[2025-06-27T02:06:03.533Z] Executing: npx vercel --prod --yes --force
[2025-06-27T02:06:13.709Z] Vercel deployment failed: Command failed: npx vercel --prod --yes --force
[2025-06-27T02:06:17.732Z] Health check error: 
[2025-06-27T02:06:17.733Z] Notification to master: Health check error: 
[2025-06-27T02:06:17.734Z] Health check failed after deployment attempt 1. Retrying...
[2025-06-27T02:06:17.734Z] Notification to master: Health check failed after deployment attempt 1. Retrying...
[2025-06-27T02:06:17.735Z] Starting Vercel deployment...
[2025-06-27T02:27:38.198Z] Starting QMOI Enhanced Auto-Deploy...
[2025-06-27T02:27:38.567Z] Vercel environment detected, deploying to Vercel...
[2025-06-27T02:27:38.568Z] Starting Vercel deployment...
[2025-06-27T02:28:04.201Z] Cache clear failed, continuing...
[2025-06-27T02:28:04.201Z] Executing: npx vercel --prod --yes --force
[2025-06-27T02:31:46.187Z] Vercel deployment failed: Command failed: npx vercel --prod --yes --force
[2025-06-27T02:31:46.340Z] Vercel deployment failed, attempt 1/5
[2025-06-27T02:31:46.341Z] Attempting AI-driven error fix...
[2025-06-27T02:31:46.341Z] Auto-fix completed.
[2025-06-27T02:32:08.846Z] No changes to commit or push.
[2025-06-27T02:32:08.848Z] Waiting 30 seconds before retry...
[2025-06-27T02:32:38.865Z] Starting Vercel deployment...
[2025-06-27T02:33:10.459Z] Cache clear failed, continuing...
[2025-06-27T02:33:10.460Z] Executing: npx vercel --prod --yes --force
[2025-06-27T02:33:52.580Z] Vercel deployment failed: Command failed: npx vercel --prod --yes --force
[2025-06-27T02:33:52.581Z] Vercel deployment failed, attempt 2/5
[2025-06-27T02:33:52.582Z] Attempting AI-driven error fix...
[2025-06-27T02:33:52.582Z] Auto-fix completed.
