[BUILD] Starting QMOI AI build... 
Could Not Find D:\applications\Alpha-Q-ai\*.spec
[CHECK] Testing if pyinstaller is callable... 
⚙ Attempting fallback PyInstaller call... 
[USING] Fallback PyInstaller at C:\Users\hp\AppData\Roaming\Python\Python313\site-packages\PyInstaller\__main__.py 
338 INFO: PyInstaller: 6.14.2, contrib hooks: 2025.7
338 INFO: Python: 3.13.3
371 INFO: Platform: Windows-11-10.0.26100-SP0
371 INFO: Python environment: C:\Python313
372 INFO: wrote D:\applications\Alpha-Q-ai\qmoi_ai.spec
377 INFO: Module search paths (PYTHONPATH):
['C:\\Users\\hp\\AppData\\Roaming\\Python\\Python313\\site-packages\\PyInstaller',
 'C:\\Python313\\python313.zip',
 'C:\\Python313\\DLLs',
 'C:\\Python313\\Lib',
 'C:\\Python313',
 'C:\\Users\\hp\\AppData\\Roaming\\Python\\Python313\\site-packages',
 'C:\\Users\\hp\\AppData\\Roaming\\Python\\Python313\\site-packages\\win32',
 'C:\\Users\\hp\\AppData\\Roaming\\Python\\Python313\\site-packages\\win32\\lib',
 'C:\\Users\\hp\\AppData\\Roaming\\Python\\Python313\\site-packages\\Pythonwin',
 'C:\\Python313\\Lib\\site-packages',
 'C:\\Python313\\Lib\\site-packages\\setuptools\\_vendor',
 'D:\\applications\\Alpha-Q-ai']
1026 INFO: Appending 'datas' from .spec
1036 INFO: checking Analysis
1036 INFO: Building Analysis because Analysis-00.toc is non existent
1036 INFO: Running Analysis Analysis-00.toc
1036 INFO: Target bytecode optimization level: 0
1036 INFO: Initializing module dependency graph...
1037 INFO: Initializing module graph hook caches...
1053 INFO: Analyzing modules for base_library.zip ...
2791 INFO: Processing standard module hook 'hook-heapq.py' from 'C:\\Users\\hp\\AppData\\Roaming\\Python\\Python313\\site-packages\\PyInstaller\\hooks'
2918 INFO: Processing standard module hook 'hook-encodings.py' from 'C:\\Users\\hp\\AppData\\Roaming\\Python\\Python313\\site-packages\\PyInstaller\\hooks'
5591 INFO: Processing standard module hook 'hook-pickle.py' from 'C:\\Users\\hp\\AppData\\Roaming\\Python\\Python313\\site-packages\\PyInstaller\\hooks'
7237 INFO: Caching module dependency graph...
7293 INFO: Looking for Python shared library...
7299 INFO: Using Python shared library: C:\Python313\python313.dll
7300 INFO: Analyzing D:\applications\Alpha-Q-ai\qmoiexe.py
C:\Users\hp\AppData\Roaming\Python\Python313\site-packages\winshell.py:882: SyntaxWarning: invalid escape sequence '\p'
  Target=r"c:\python\python.exe",
7611 INFO: Processing pre-safe-import-module hook 'hook-win32com.py' from 'C:\\Users\\hp\\AppData\\Roaming\\Python\\Python313\\site-packages\\_pyinstaller_hooks_contrib\\pre_safe_import_module'
7682 INFO: Processing standard module hook 'hook-win32com.py' from 'C:\\Users\\hp\\AppData\\Roaming\\Python\\Python313\\site-packages\\_pyinstaller_hooks_contrib\\stdhooks'
7684 INFO: Processing standard module hook 'hook-pythoncom.py' from 'C:\\Users\\hp\\AppData\\Roaming\\Python\\Python313\\site-packages\\_pyinstaller_hooks_contrib\\stdhooks'
7773 INFO: Processing standard module hook 'hook-pywintypes.py' from 'C:\\Users\\hp\\AppData\\Roaming\\Python\\Python313\\site-packages\\_pyinstaller_hooks_contrib\\stdhooks'
7936 INFO: Processing pre-safe-import-module hook 'hook-typing_extensions.py' from 'C:\\Users\\hp\\AppData\\Roaming\\Python\\Python313\\site-packages\\PyInstaller\\hooks\\pre_safe_import_module'
7938 INFO: SetuptoolsInfo: initializing cached setuptools info...
13687 INFO: Processing standard module hook 'hook-pystray.py' from 'C:\\Users\\hp\\AppData\\Roaming\\Python\\Python313\\site-packages\\_pyinstaller_hooks_contrib\\stdhooks'
14235 INFO: Processing pre-safe-import-module hook 'hook-six.moves.py' from 'C:\\Users\\hp\\AppData\\Roaming\\Python\\Python313\\site-packages\\PyInstaller\\hooks\\pre_safe_import_module'
14321 INFO: Processing pre-safe-import-module hook 'hook-gi.py' from 'C:\\Users\\hp\\AppData\\Roaming\\Python\\Python313\\site-packages\\PyInstaller\\hooks\\pre_safe_import_module'
14405 INFO: Processing standard module hook 'hook-PIL.py' from 'C:\\Users\\hp\\AppData\\Roaming\\Python\\Python313\\site-packages\\PyInstaller\\hooks'
14606 INFO: Processing standard module hook 'hook-PIL.Image.py' from 'C:\\Users\\hp\\AppData\\Roaming\\Python\\Python313\\site-packages\\PyInstaller\\hooks'
15145 INFO: Processing standard module hook 'hook-numpy.py' from 'C:\\Users\\hp\\AppData\\Roaming\\Python\\Python313\\site-packages\\PyInstaller\\hooks'
15576 INFO: Processing standard module hook 'hook-platform.py' from 'C:\\Users\\hp\\AppData\\Roaming\\Python\\Python313\\site-packages\\PyInstaller\\hooks'
15820 INFO: Processing standard module hook 'hook-sysconfig.py' from 'C:\\Users\\hp\\AppData\\Roaming\\Python\\Python313\\site-packages\\PyInstaller\\hooks'
17108 INFO: Processing standard module hook 'hook-difflib.py' from 'C:\\Users\\hp\\AppData\\Roaming\\Python\\Python313\\site-packages\\PyInstaller\\hooks'
17373 INFO: Processing standard module hook 'hook-multiprocessing.util.py' from 'C:\\Users\\hp\\AppData\\Roaming\\Python\\Python313\\site-packages\\PyInstaller\\hooks'
17498 INFO: Processing standard module hook 'hook-xml.py' from 'C:\\Users\\hp\\AppData\\Roaming\\Python\\Python313\\site-packages\\PyInstaller\\hooks'
18643 INFO: Processing standard module hook 'hook-psutil.py' from 'C:\\Users\\hp\\AppData\\Roaming\\Python\\Python313\\site-packages\\_pyinstaller_hooks_contrib\\stdhooks'
21038 INFO: Processing standard module hook 'hook-charset_normalizer.py' from 'C:\\Users\\hp\\AppData\\Roaming\\Python\\Python313\\site-packages\\_pyinstaller_hooks_contrib\\stdhooks'
21763 INFO: Processing standard module hook 'hook-xml.etree.cElementTree.py' from 'C:\\Users\\hp\\AppData\\Roaming\\Python\\Python313\\site-packages\\PyInstaller\\hooks'
21813 INFO: Processing standard module hook 'hook-PIL.ImageFilter.py' from 'C:\\Users\\hp\\AppData\\Roaming\\Python\\Python313\\site-packages\\PyInstaller\\hooks'
22390 INFO: Processing pre-safe-import-module hook 'hook-packaging.py' from 'C:\\Users\\hp\\AppData\\Roaming\\Python\\Python313\\site-packages\\PyInstaller\\hooks\\pre_safe_import_module'
22413 INFO: Processing module hooks (post-graph stage)...
22813 INFO: Processing standard module hook 'hook-PIL.SpiderImagePlugin.py' from 'C:\\Users\\hp\\AppData\\Roaming\\Python\\Python313\\site-packages\\PyInstaller\\hooks'
22932 INFO: Performing binary vs. data reclassification (127 entries)
22948 INFO: Looking for ctypes DLLs
23013 INFO: Analyzing run-time hooks ...
23016 INFO: Including run-time hook 'pyi_rth_inspect.py' from 'C:\\Users\\hp\\AppData\\Roaming\\Python\\Python313\\site-packages\\PyInstaller\\hooks\\rthooks'
23019 INFO: Including run-time hook 'pyi_rth_pkgutil.py' from 'C:\\Users\\hp\\AppData\\Roaming\\Python\\Python313\\site-packages\\PyInstaller\\hooks\\rthooks'
23021 INFO: Including run-time hook 'pyi_rth_multiprocessing.py' from 'C:\\Users\\hp\\AppData\\Roaming\\Python\\Python313\\site-packages\\PyInstaller\\hooks\\rthooks'
23024 INFO: Including run-time hook 'pyi_rth_pywintypes.py' from 'C:\\Users\\hp\\AppData\\Roaming\\Python\\Python313\\site-packages\\_pyinstaller_hooks_contrib\\rthooks'
23025 INFO: Including run-time hook 'pyi_rth_pythoncom.py' from 'C:\\Users\\hp\\AppData\\Roaming\\Python\\Python313\\site-packages\\_pyinstaller_hooks_contrib\\rthooks'
23037 INFO: Creating base_library.zip...
23101 INFO: Looking for dynamic libraries
23811 INFO: Extra DLL search directories (AddDllDirectory): ['C:\\Python313\\Lib\\site-packages\\numpy.libs']
23812 INFO: Extra DLL search directories (PATH): []
24626 INFO: Warnings written to D:\applications\Alpha-Q-ai\build\qmoi_ai\warn-qmoi_ai.txt
24678 INFO: Graph cross-reference written to D:\applications\Alpha-Q-ai\build\qmoi_ai\xref-qmoi_ai.html
24708 INFO: checking PYZ
24708 INFO: Building PYZ because PYZ-00.toc is non existent
24708 INFO: Building PYZ (ZlibArchive) D:\applications\Alpha-Q-ai\build\qmoi_ai\PYZ-00.pyz
25683 INFO: Building PYZ (ZlibArchive) D:\applications\Alpha-Q-ai\build\qmoi_ai\PYZ-00.pyz completed successfully.
25723 INFO: checking PKG
25724 INFO: Building PKG because PKG-00.toc is non existent
25724 INFO: Building PKG (CArchive) qmoi_ai.pkg
34042 INFO: Building PKG (CArchive) qmoi_ai.pkg completed successfully.
34048 INFO: Bootloader C:\Users\hp\AppData\Roaming\Python\Python313\site-packages\PyInstaller\bootloader\Windows-64bit-intel\runw.exe
34048 INFO: checking EXE
34048 INFO: Building EXE because EXE-00.toc is non existent
34048 INFO: Building EXE from EXE-00.toc
34048 INFO: Copying bootloader EXE to D:\applications\Alpha-Q-ai\dist\qmoi_ai.exe
34288 INFO: Copying icon to EXE
Traceback (most recent call last):
  File "C:\Users\hp\AppData\Roaming\Python\Python313\site-packages\PyInstaller\__main__.py", line 321, in <module>
    run()
    ~~~^^
  File "C:\Users\hp\AppData\Roaming\Python\Python313\site-packages\PyInstaller\__main__.py", line 215, in run
    run_build(pyi_config, spec_file, **vars(args))
    ~~~~~~~~~^^^^^^^^^^^^^^^^^^^^^^^^^^^^^^^^^^^^^
  File "C:\Users\hp\AppData\Roaming\Python\Python313\site-packages\PyInstaller\__main__.py", line 70, in run_build
    PyInstaller.building.build_main.main(pyi_config, spec_file, **kwargs)
    ~~~~~~~~~~~~~~~~~~~~~~~~~~~~~~~~~~~~^^^^^^^^^^^^^^^^^^^^^^^^^^^^^^^^^
  File "C:\Users\hp\AppData\Roaming\Python\Python313\site-packages\PyInstaller\building\build_main.py", line 1282, in main
    build(specfile, distpath, workpath, clean_build)
    ~~~~~^^^^^^^^^^^^^^^^^^^^^^^^^^^^^^^^^^^^^^^^^^^
  File "C:\Users\hp\AppData\Roaming\Python\Python313\site-packages\PyInstaller\building\build_main.py", line 1220, in build
    exec(code, spec_namespace)
    ~~~~^^^^^^^^^^^^^^^^^^^^^^
  File "D:\applications\Alpha-Q-ai\qmoi_ai.spec", line 19, in <module>
    exe = EXE(
        pyz,
    ...<17 lines>...
        icon=['qmoi_ai_icon.ico'],
    )
  File "C:\Users\hp\AppData\Roaming\Python\Python313\site-packages\PyInstaller\building\api.py", line 678, in __init__
    self.__postinit__()
    ~~~~~~~~~~~~~~~~~^^
  File "C:\Users\hp\AppData\Roaming\Python\Python313\site-packages\PyInstaller\building\datastruct.py", line 184, in __postinit__
    self.assemble()
    ~~~~~~~~~~~~~^^
  File "C:\Users\hp\AppData\Roaming\Python\Python313\site-packages\PyInstaller\building\api.py", line 791, in assemble
    self._retry_operation(icon.CopyIcons, build_name, self.icon)
    ~~~~~~~~~~~~~~~~~~~~~^^^^^^^^^^^^^^^^^^^^^^^^^^^^^^^^^^^^^^^
  File "C:\Users\hp\AppData\Roaming\Python\Python313\site-packages\PyInstaller\building\api.py", line 1061, in _retry_operation
    return func(*args)
  File "C:\Users\hp\AppData\Roaming\Python\Python313\site-packages\PyInstaller\utils\win32\icon.py", line 206, in CopyIcons
    srcpath = normalize_icon_type(srcpath, ("exe", "ico"), "ico", config.CONF["workpath"])
  File "C:\Users\hp\AppData\Roaming\Python\Python313\site-packages\PyInstaller\building\icon.py", line 34, in normalize_icon_type
    raise FileNotFoundError(f"Icon input file {icon_path} not found")
FileNotFoundError: Icon input file D:\applications\Alpha-Q-ai\qmoi_ai_icon.ico not found
✅ Build complete: dist\qmoi_ai.exe 
[GITHUB] Uploading release... 
! Failed to create release, "workflow" scope may be required.
To request it, run:
gh auth refresh -h github.com -s workflow
✅ GitHub Release uploaded. 
