2582 INFO: PyInstaller: 6.14.2, contrib hooks: 2025.7
2583 INFO: Python: 3.13.3
2619 INFO: Platform: Windows-11-10.0.26100-SP0
2620 INFO: Python environment: C:\Python313
2620 INFO: wrote D:\applications\Alpha-Q-ai\qmoi ai.spec
3022 INFO: Module search paths (PYTHONPATH):
['D:\\applications\\Alpha-Q-ai',
 'C:\\Python313\\python313.zip',
 'C:\\Python313\\DLLs',
 'C:\\Python313\\Lib',
 'C:\\Python313',
 'C:\\Users\\hp\\AppData\\Roaming\\Python\\Python313\\site-packages',
 'C:\\Users\\hp\\AppData\\Roaming\\Python\\Python313\\site-packages\\win32',
 'C:\\Users\\hp\\AppData\\Roaming\\Python\\Python313\\site-packages\\win32\\lib',
 'C:\\Users\\hp\\AppData\\Roaming\\Python\\Python313\\site-packages\\Pythonwin',
 'C:\\Python313\\Lib\\site-packages',
 'C:\\Python313\\Lib\\site-packages\\setuptools\\_vendor',
 'D:\\applications\\Alpha-Q-ai']
6105 INFO: Appending 'datas' from .spec
6117 INFO: checking Analysis
6118 INFO: Building Analysis because Analysis-00.toc is non existent
6118 INFO: Running Analysis Analysis-00.toc
6118 INFO: Target bytecode optimization level: 0
6118 INFO: Initializing module dependency graph...
6130 INFO: Initializing module graph hook caches...
6351 INFO: Analyzing modules for base_library.zip ...
8935 INFO: Processing standard module hook 'hook-encodings.py' from 'C:\\Users\\hp\\AppData\\Roaming\\Python\\Python313\\site-packages\\PyInstaller\\hooks'
12358 INFO: Processing standard module hook 'hook-pickle.py' from 'C:\\Users\\hp\\AppData\\Roaming\\Python\\Python313\\site-packages\\PyInstaller\\hooks'
15579 INFO: Processing standard module hook 'hook-heapq.py' from 'C:\\Users\\hp\\AppData\\Roaming\\Python\\Python313\\site-packages\\PyInstaller\\hooks'
18558 INFO: Caching module dependency graph...
18617 INFO: Looking for Python shared library...
Aborted by user request.
