[🔧] Initializing QMOI AI clean build... 
Requirement already satisfied: pip in d:\applications\alpha-q-ai\venv\lib\site-packages (25.0.1)
Collecting pip
  Using cached pip-25.1.1-py3-none-any.whl.metadata (3.6 kB)
Requirement already satisfied: setuptools in d:\applications\alpha-q-ai\venv\lib\site-packages (80.9.0)
Collecting wheel
  Using cached wheel-0.45.1-py3-none-any.whl.metadata (2.3 kB)
Using cached pip-25.1.1-py3-none-any.whl (1.8 MB)
Using cached wheel-0.45.1-py3-none-any.whl (72 kB)
Installing collected packages: wheel, pip
  Attempting uninstall: pip
    Found existing installation: pip 25.0.1
    Uninstalling pip-25.0.1:
      Successfully uninstalled pip-25.0.1
Successfully installed pip-25.1.1 wheel-0.45.1
Requirement already satisfied: pyinstaller in d:\applications\alpha-q-ai\venv\lib\site-packages (6.14.2)
Requirement already satisfied: setuptools>=42.0.0 in d:\applications\alpha-q-ai\venv\lib\site-packages (from pyinstaller) (80.9.0)
Requirement already satisfied: altgraph in d:\applications\alpha-q-ai\venv\lib\site-packages (from pyinstaller) (0.17.4)
Requirement already satisfied: pefile!=2024.8.26,>=2022.5.30 in d:\applications\alpha-q-ai\venv\lib\site-packages (from pyinstaller) (2023.2.7)
Requirement already satisfied: pywin32-ctypes>=0.2.1 in d:\applications\alpha-q-ai\venv\lib\site-packages (from pyinstaller) (0.2.3)
Requirement already satisfied: pyinstaller-hooks-contrib>=2025.5 in d:\applications\alpha-q-ai\venv\lib\site-packages (from pyinstaller) (2025.7)
Requirement already satisfied: packaging>=22.0 in d:\applications\alpha-q-ai\venv\lib\site-packages (from pyinstaller) (25.0)
D:\applications\Alpha-Q-ai\venv\Scripts\python.exe: No module named pyinstaller
