[BUILD] Starting QMOI AI build... 
394 INFO: PyInstaller: 6.14.2, contrib hooks: 2025.7
395 INFO: Python: 3.13.3
429 INFO: Platform: Windows-11-10.0.26100-SP0
429 INFO: Python environment: C:\Python313
430 INFO: wrote D:\applications\Alpha-Q-ai\qmoi_ai.spec
442 INFO: Module search paths (PYTHONPATH):
['D:\\applications\\Alpha-Q-ai',
 'C:\\Python313\\python313.zip',
 'C:\\Python313\\DLLs',
 'C:\\Python313\\Lib',
 'C:\\Python313',
 'C:\\Users\\hp\\AppData\\Roaming\\Python\\Python313\\site-packages',
 'C:\\Users\\hp\\AppData\\Roaming\\Python\\Python313\\site-packages\\win32',
 'C:\\Users\\hp\\AppData\\Roaming\\Python\\Python313\\site-packages\\win32\\lib',
 'C:\\Users\\hp\\AppData\\Roaming\\Python\\Python313\\site-packages\\Pythonwin',
 'C:\\Python313\\Lib\\site-packages',
 'C:\\Python313\\Lib\\site-packages\\setuptools\\_vendor',
 'D:\\applications\\Alpha-Q-ai']
1105 INFO: Appending 'datas' from .spec
1115 INFO: checking Analysis
1115 INFO: Building Analysis because Analysis-00.toc is non existent
1115 INFO: Running Analysis Analysis-00.toc
1115 INFO: Target bytecode optimization level: 0
1116 INFO: Initializing module dependency graph...
1117 INFO: Initializing module graph hook caches...
1132 INFO: Analyzing modules for base_library.zip ...
2914 INFO: Processing standard module hook 'hook-heapq.py' from 'C:\\Users\\hp\\AppData\\Roaming\\Python\\Python313\\site-packages\\PyInstaller\\hooks'
3040 INFO: Processing standard module hook 'hook-encodings.py' from 'C:\\Users\\hp\\AppData\\Roaming\\Python\\Python313\\site-packages\\PyInstaller\\hooks'
5925 INFO: Processing standard module hook 'hook-pickle.py' from 'C:\\Users\\hp\\AppData\\Roaming\\Python\\Python313\\site-packages\\PyInstaller\\hooks'
7650 INFO: Caching module dependency graph...
7707 INFO: Looking for Python shared library...
7740 INFO: Using Python shared library: C:\Python313\python313.dll
7740 INFO: Analyzing D:\applications\Alpha-Q-ai\qmoiexe.py
C:\Users\hp\AppData\Roaming\Python\Python313\site-packages\winshell.py:882: SyntaxWarning: invalid escape sequence '\p'
  Target=r"c:\python\python.exe",
9250 INFO: Processing pre-safe-import-module hook 'hook-win32com.py' from 'C:\\Users\\hp\\AppData\\Roaming\\Python\\Python313\\site-packages\\_pyinstaller_hooks_contrib\\pre_safe_import_module'
9479 INFO: Processing standard module hook 'hook-win32com.py' from 'C:\\Users\\hp\\AppData\\Roaming\\Python\\Python313\\site-packages\\_pyinstaller_hooks_contrib\\stdhooks'
9481 INFO: Processing standard module hook 'hook-pythoncom.py' from 'C:\\Users\\hp\\AppData\\Roaming\\Python\\Python313\\site-packages\\_pyinstaller_hooks_contrib\\stdhooks'
9623 INFO: Processing standard module hook 'hook-pywintypes.py' from 'C:\\Users\\hp\\AppData\\Roaming\\Python\\Python313\\site-packages\\_pyinstaller_hooks_contrib\\stdhooks'
9877 INFO: Processing pre-safe-import-module hook 'hook-typing_extensions.py' from 'C:\\Users\\hp\\AppData\\Roaming\\Python\\Python313\\site-packages\\PyInstaller\\hooks\\pre_safe_import_module'
9904 INFO: SetuptoolsInfo: initializing cached setuptools info...
17472 INFO: Processing standard module hook 'hook-pystray.py' from 'C:\\Users\\hp\\AppData\\Roaming\\Python\\Python313\\site-packages\\_pyinstaller_hooks_contrib\\stdhooks'
18184 INFO: Processing pre-safe-import-module hook 'hook-six.moves.py' from 'C:\\Users\\hp\\AppData\\Roaming\\Python\\Python313\\site-packages\\PyInstaller\\hooks\\pre_safe_import_module'
18310 INFO: Processing pre-safe-import-module hook 'hook-gi.py' from 'C:\\Users\\hp\\AppData\\Roaming\\Python\\Python313\\site-packages\\PyInstaller\\hooks\\pre_safe_import_module'
18412 INFO: Processing standard module hook 'hook-PIL.py' from 'C:\\Users\\hp\\AppData\\Roaming\\Python\\Python313\\site-packages\\PyInstaller\\hooks'
18674 INFO: Processing standard module hook 'hook-PIL.Image.py' from 'C:\\Users\\hp\\AppData\\Roaming\\Python\\Python313\\site-packages\\PyInstaller\\hooks'
19471 INFO: Processing standard module hook 'hook-numpy.py' from 'C:\\Users\\hp\\AppData\\Roaming\\Python\\Python313\\site-packages\\PyInstaller\\hooks'
20629 INFO: Processing standard module hook 'hook-platform.py' from 'C:\\Users\\hp\\AppData\\Roaming\\Python\\Python313\\site-packages\\PyInstaller\\hooks'
20941 INFO: Processing standard module hook 'hook-sysconfig.py' from 'C:\\Users\\hp\\AppData\\Roaming\\Python\\Python313\\site-packages\\PyInstaller\\hooks'
22733 INFO: Processing standard module hook 'hook-difflib.py' from 'C:\\Users\\hp\\AppData\\Roaming\\Python\\Python313\\site-packages\\PyInstaller\\hooks'
23153 INFO: Processing standard module hook 'hook-multiprocessing.util.py' from 'C:\\Users\\hp\\AppData\\Roaming\\Python\\Python313\\site-packages\\PyInstaller\\hooks'
23318 INFO: Processing standard module hook 'hook-xml.py' from 'C:\\Users\\hp\\AppData\\Roaming\\Python\\Python313\\site-packages\\PyInstaller\\hooks'
24738 INFO: Processing standard module hook 'hook-psutil.py' from 'C:\\Users\\hp\\AppData\\Roaming\\Python\\Python313\\site-packages\\_pyinstaller_hooks_contrib\\stdhooks'
27184 INFO: Processing standard module hook 'hook-charset_normalizer.py' from 'C:\\Users\\hp\\AppData\\Roaming\\Python\\Python313\\site-packages\\_pyinstaller_hooks_contrib\\stdhooks'
28246 INFO: Processing standard module hook 'hook-xml.etree.cElementTree.py' from 'C:\\Users\\hp\\AppData\\Roaming\\Python\\Python313\\site-packages\\PyInstaller\\hooks'
28352 INFO: Processing standard module hook 'hook-PIL.ImageFilter.py' from 'C:\\Users\\hp\\AppData\\Roaming\\Python\\Python313\\site-packages\\PyInstaller\\hooks'
29550 INFO: Processing pre-safe-import-module hook 'hook-packaging.py' from 'C:\\Users\\hp\\AppData\\Roaming\\Python\\Python313\\site-packages\\PyInstaller\\hooks\\pre_safe_import_module'
29703 INFO: Processing module hooks (post-graph stage)...
30440 INFO: Processing standard module hook 'hook-PIL.SpiderImagePlugin.py' from 'C:\\Users\\hp\\AppData\\Roaming\\Python\\Python313\\site-packages\\PyInstaller\\hooks'
30715 INFO: Performing binary vs. data reclassification (127 entries)
31691 INFO: Looking for ctypes DLLs
31862 INFO: Analyzing run-time hooks ...
31864 INFO: Including run-time hook 'pyi_rth_inspect.py' from 'C:\\Users\\hp\\AppData\\Roaming\\Python\\Python313\\site-packages\\PyInstaller\\hooks\\rthooks'
31874 INFO: Including run-time hook 'pyi_rth_pkgutil.py' from 'C:\\Users\\hp\\AppData\\Roaming\\Python\\Python313\\site-packages\\PyInstaller\\hooks\\rthooks'
31882 INFO: Including run-time hook 'pyi_rth_multiprocessing.py' from 'C:\\Users\\hp\\AppData\\Roaming\\Python\\Python313\\site-packages\\PyInstaller\\hooks\\rthooks'
31888 INFO: Including run-time hook 'pyi_rth_pywintypes.py' from 'C:\\Users\\hp\\AppData\\Roaming\\Python\\Python313\\site-packages\\_pyinstaller_hooks_contrib\\rthooks'
31906 INFO: Including run-time hook 'pyi_rth_pythoncom.py' from 'C:\\Users\\hp\\AppData\\Roaming\\Python\\Python313\\site-packages\\_pyinstaller_hooks_contrib\\rthooks'
31920 INFO: Creating base_library.zip...
31983 INFO: Looking for dynamic libraries
34175 INFO: Extra DLL search directories (AddDllDirectory): ['C:\\Python313\\Lib\\site-packages\\numpy.libs']
34175 INFO: Extra DLL search directories (PATH): []
42506 INFO: Warnings written to D:\applications\Alpha-Q-ai\build\qmoi_ai\warn-qmoi_ai.txt
42799 INFO: Graph cross-reference written to D:\applications\Alpha-Q-ai\build\qmoi_ai\xref-qmoi_ai.html
42877 INFO: checking PYZ
42877 INFO: Building PYZ because PYZ-00.toc is non existent
42877 INFO: Building PYZ (ZlibArchive) D:\applications\Alpha-Q-ai\build\qmoi_ai\PYZ-00.pyz
43926 INFO: Building PYZ (ZlibArchive) D:\applications\Alpha-Q-ai\build\qmoi_ai\PYZ-00.pyz completed successfully.
43994 INFO: checking PKG
43994 INFO: Building PKG because PKG-00.toc is non existent
43994 INFO: Building PKG (CArchive) qmoi_ai.pkg
52975 INFO: Building PKG (CArchive) qmoi_ai.pkg completed successfully.
52980 INFO: Bootloader C:\Users\hp\AppData\Roaming\Python\Python313\site-packages\PyInstaller\bootloader\Windows-64bit-intel\runw.exe
52980 INFO: checking EXE
52980 INFO: Building EXE because EXE-00.toc is non existent
52980 INFO: Building EXE from EXE-00.toc
52980 INFO: Copying bootloader EXE to D:\applications\Alpha-Q-ai\dist\qmoi_ai.exe
53685 INFO: Copying icon to EXE
Traceback (most recent call last):
  File "<frozen runpy>", line 198, in _run_module_as_main
  File "<frozen runpy>", line 88, in _run_code
  File "C:\Users\hp\AppData\Roaming\Python\Python313\site-packages\PyInstaller\__main__.py", line 321, in <module>
    run()
    ~~~^^
  File "C:\Users\hp\AppData\Roaming\Python\Python313\site-packages\PyInstaller\__main__.py", line 215, in run
    run_build(pyi_config, spec_file, **vars(args))
    ~~~~~~~~~^^^^^^^^^^^^^^^^^^^^^^^^^^^^^^^^^^^^^
  File "C:\Users\hp\AppData\Roaming\Python\Python313\site-packages\PyInstaller\__main__.py", line 70, in run_build
    PyInstaller.building.build_main.main(pyi_config, spec_file, **kwargs)
    ~~~~~~~~~~~~~~~~~~~~~~~~~~~~~~~~~~~~^^^^^^^^^^^^^^^^^^^^^^^^^^^^^^^^^
  File "C:\Users\hp\AppData\Roaming\Python\Python313\site-packages\PyInstaller\building\build_main.py", line 1282, in main
    build(specfile, distpath, workpath, clean_build)
    ~~~~~^^^^^^^^^^^^^^^^^^^^^^^^^^^^^^^^^^^^^^^^^^^
  File "C:\Users\hp\AppData\Roaming\Python\Python313\site-packages\PyInstaller\building\build_main.py", line 1220, in build
    exec(code, spec_namespace)
    ~~~~^^^^^^^^^^^^^^^^^^^^^^
  File "D:\applications\Alpha-Q-ai\qmoi_ai.spec", line 19, in <module>
    exe = EXE(
        pyz,
    ...<17 lines>...
        icon=['qmoi_ai_icon.ico'],
    )
  File "C:\Users\hp\AppData\Roaming\Python\Python313\site-packages\PyInstaller\building\api.py", line 678, in __init__
    self.__postinit__()
    ~~~~~~~~~~~~~~~~~^^
  File "C:\Users\hp\AppData\Roaming\Python\Python313\site-packages\PyInstaller\building\datastruct.py", line 184, in __postinit__
    self.assemble()
    ~~~~~~~~~~~~~^^
  File "C:\Users\hp\AppData\Roaming\Python\Python313\site-packages\PyInstaller\building\api.py", line 791, in assemble
    self._retry_operation(icon.CopyIcons, build_name, self.icon)
    ~~~~~~~~~~~~~~~~~~~~~^^^^^^^^^^^^^^^^^^^^^^^^^^^^^^^^^^^^^^^
  File "C:\Users\hp\AppData\Roaming\Python\Python313\site-packages\PyInstaller\building\api.py", line 1061, in _retry_operation
    return func(*args)
  File "C:\Users\hp\AppData\Roaming\Python\Python313\site-packages\PyInstaller\utils\win32\icon.py", line 206, in CopyIcons
    srcpath = normalize_icon_type(srcpath, ("exe", "ico"), "ico", config.CONF["workpath"])
  File "C:\Users\hp\AppData\Roaming\Python\Python313\site-packages\PyInstaller\building\icon.py", line 34, in normalize_icon_type
    raise FileNotFoundError(f"Icon input file {icon_path} not found")
FileNotFoundError: Icon input file D:\applications\Alpha-Q-ai\qmoi_ai_icon.ico not found
[SUCCESS] Build completed: dist\qmoi_ai.exe 
! Failed to create release, "workflow" scope may be required.
To request it, run:
gh auth refresh -h github.com -s workflow
