[2025-07-16T00:42:03.112Z] [QMOI] Starting enhanced clone, deploy, sync, and optimization.
[2025-07-16T00:42:03.192Z] [QMOI] Skipping gitlab: repo URL not set.
[2025-07-16T00:42:03.193Z] [QMOI] Skipping github: repo URL not set.
[2025-07-16T00:42:03.194Z] [QMOI] Skipping dagshub: repo URL not set.
[2025-07-16T00:42:03.195Z] [QMOI] Deploying to vercel...
[2025-07-16T00:45:10.322Z] [QMOI] Deploy to vercel failed: Command failed: npx vercel --prod --yes
[2025-07-16T00:45:10.323Z] [QMOI] Attempting auto-fix for vercel...
[2025-07-16T00:45:12.005Z] [QMOI] Auto-fix failed for vercel: Command failed: npm run fix:all
[2025-07-16T00:45:12.005Z] [QMOI] Deploying to colab...
[2025-07-16T00:45:14.144Z] [QMOI] Deploy to colab failed: Command failed: python scripts/colab_deploy.py
[2025-07-16T00:45:14.192Z] [QMOI] Attempting auto-fix for colab...
[2025-07-16T00:45:14.691Z] [QMOI] Auto-fix failed for colab: Command failed: npm run fix:all
[2025-07-16T00:45:14.692Z] [QMOI] Deploying to dagshub...
[2025-07-16T00:45:14.903Z] [QMOI] Deploy to dagshub failed: Command failed: python scripts/dagshub_deploy.py
[2025-07-16T00:45:14.903Z] [QMOI] Attempting auto-fix for dagshub...
[2025-07-16T00:45:15.378Z] [QMOI] Auto-fix failed for dagshub: Command failed: npm run fix:all
[2025-07-16T00:45:15.379Z] [QMOI] Deploying to gitpod...
[2025-07-16T00:45:15.749Z] [QMOI] Deploy to gitpod failed: Command failed: gp sync
[2025-07-16T00:45:15.750Z] [QMOI] Attempting auto-fix for gitpod...
[2025-07-16T00:45:16.185Z] [QMOI] Auto-fix failed for gitpod: Command failed: npm run fix:all
[2025-07-16T00:45:16.186Z] [QMOI] Optimizing cloud spend: preferring free/ephemeral resources, cleaning up unused assets.
[2025-07-16T00:45:16.187Z] [QMOI] Setting up directory sync: D:\applications\Alpha-Q-ai <-> clones\gitlab
[2025-07-16T00:45:16.189Z] [QMOI] Backing up and evolving state...
[2025-07-16T00:47:50.630Z] [QMOI] Starting enhanced clone, deploy, sync, and optimization.
[2025-07-16T00:47:50.636Z] [QMOI] Skipping gitlab: repo URL not set.
[2025-07-16T00:47:50.637Z] [QMOI] Skipping github: repo URL not set.
[2025-07-16T00:47:50.639Z] [QMOI] Skipping dagshub: repo URL not set.
[2025-07-16T00:47:50.641Z] [QMOI] Deploying to vercel...
[2025-07-16T00:50:05.898Z] [QMOI] Deploy to vercel failed: Command failed: npx vercel --prod --yes
[2025-07-16T00:50:05.901Z] [QMOI] Attempting auto-fix for vercel...
[2025-07-16T00:50:08.648Z] [QMOI] Auto-fix failed for vercel: Command failed: npm run fix:all
[2025-07-16T00:50:08.649Z] [QMOI] Deploying to colab...
[2025-07-16T00:50:15.470Z] [QMOI] Deploy to colab failed: Command failed: python scripts/colab_deploy.py
[2025-07-16T00:50:15.471Z] [QMOI] Attempting auto-fix for colab...
[2025-07-16T00:50:16.944Z] [QMOI] Auto-fix failed for colab: Command failed: npm run fix:all
[2025-07-16T00:50:17.048Z] [QMOI] Deploying to dagshub...
[2025-07-16T00:50:17.402Z] [QMOI] Deploy to dagshub failed: Command failed: python scripts/dagshub_deploy.py
[2025-07-16T00:50:17.403Z] [QMOI] Attempting auto-fix for dagshub...
[2025-07-16T00:50:17.918Z] [QMOI] Auto-fix failed for dagshub: Command failed: npm run fix:all
[2025-07-16T00:50:17.919Z] [QMOI] Deploying to gitpod...
[2025-07-16T00:50:18.594Z] [QMOI] Gitpod CLI (gp) not found, skipping gitpod deployment.
[2025-07-16T00:50:18.595Z] [QMOI] Optimizing cloud spend: preferring free/ephemeral resources, cleaning up unused assets.
[2025-07-16T00:50:18.596Z] [QMOI] Setting up directory sync: D:\applications\Alpha-Q-ai <-> clones\gitlab
[2025-07-16T00:50:18.599Z] [QMOI] Backing up and evolving state...
